Wed Jul 07 12:07:01 BST 2021
MaxEnt version 3.4.4
Reading file Back_swd.csv
readGrid: max memory 477626368, total allocated 163053568, free 132905664, used 30147904, increment 30147904
Reading samples from Sp_swd.csv
Read samples: max memory 477626368, total allocated 226492416, free 218836144, used 7656272, increment -22491632
Making features
makeFeatures: max memory 477626368, total allocated 226492416, free 98672784, used 127819632, increment 120163360
Command line used:  environmentallayers=BMSB/models/invaded_model/m_00053457/Back_swd.csv samplesfile=BMSB/models/invaded_model/m_00053457/Sp_swd.csv projectionlayers=BMSB/models/invaded_model/m_00053457/Predictions/Pred_swd.csv outputdirectory=BMSB/models/invaded_model/BMSB_PA2_RUN1_MAXENT.Phillips_outputs outputformat=logistic redoifexists visible=FALSE linear=TRUE quadratic=TRUE product=TRUE threshold=TRUE hinge=TRUE lq2lqptthreshold=80 l2lqthreshold=10 hingethreshold=15 beta_threshold=-1 beta_categorical=-1 beta_lqp=-1 beta_hinge=-1 betamultiplier=1 defaultprevalence=0.5 autorun nowarnings notooltips noaddsamplestobackground
Command line to repeat: java density.MaxEnt nowarnings noprefixes outputformat=logistic outputdirectory=BMSB/models/invaded_model/BMSB_PA2_RUN1_MAXENT.Phillips_outputs projectionlayers=BMSB/models/invaded_model/m_00053457/Predictions/Pred_swd.csv samplesfile=BMSB/models/invaded_model/m_00053457/Sp_swd.csv environmentallayers=BMSB/models/invaded_model/m_00053457/Back_swd.csv nowarnings notooltips noaskoverwrite threshold noaddsamplestobackground autorun novisible
Species: BMSB_PA2_RUN1
Layers: bio02 bio03 bio08 bio09 bio13 bio14 bio15 bio18 bio19
Layertypes: Continuous Continuous Continuous Continuous Continuous Continuous Continuous Continuous Continuous
outputformat: logistic
outputdirectory: BMSB/models/invaded_model/BMSB_PA2_RUN1_MAXENT.Phillips_outputs
projectionlayers: BMSB/models/invaded_model/m_00053457/Predictions/Pred_swd.csv
samplesfile: BMSB/models/invaded_model/m_00053457/Sp_swd.csv
environmentallayers: BMSB/models/invaded_model/m_00053457/Back_swd.csv
warnings: false
tooltips: false
askoverwrite: false
threshold: true
addsamplestobackground: false
autorun: true
visible: false

getSamples: max memory 477626368, total allocated 226492416, free 95966552, used 130525864, increment 2706232
BMSB_PA2_RUN1: 
Regularization values: linear/quadratic/product: 0.050, categorical: 0.250, threshold: 1.000, hinge: 0.500
Time since start: 1.299
8826 samples
Density: max memory 477626368, total allocated 227540992, free 170016672, used 57524320, increment -73001544
linearPredictor: max memory 477626368, total allocated 227540992, free 170016672, used 57524320, increment 0
FeaturedSpace: max memory 477626368, total allocated 227540992, free 170016672, used 57524320, increment 0
Sequential: max memory 477626368, total allocated 227540992, free 170016672, used 57524320, increment 0
Initial loss: 8.988570876215118
Time since start: 19.1
500: time = 17.587000 loss = 3.685069
Resulting gain: 5.303502029608941
Time since start: 21.063
Projecting...
Writing file BMSB/models/invaded_model/BMSB_PA2_RUN1_MAXENT.Phillips_outputs/BMSB_PA2_RUN1.csv
Projecting...
Reading file Pred_swd.csv
readGrid: max memory 477626368, total allocated 137887744, free 61614416, used 76273328, increment 18749008
Writing file BMSB/models/invaded_model/BMSB_PA2_RUN1_MAXENT.Phillips_outputs/BMSB_PA2_RUN1_Pred_swd.csv
Writing file BMSB/models/invaded_model/BMSB_PA2_RUN1_MAXENT.Phillips_outputs/BMSB_PA2_RUN1_Pred_swd_clamping.csv
Time since start: 23.318
Ending
