Thu Jun 24 12:45:23 BST 2021
MaxEnt version 3.4.4
Reading file Back_swd.csv
readGrid: max memory 477626368, total allocated 128974848, free 106463096, used 22511752, increment 22511752
Reading samples from Sp_swd.csv
Read samples: max memory 477626368, total allocated 163053568, free 106122720, used 56930848, increment 34419096
Making features
makeFeatures: max memory 477626368, total allocated 163053568, free 96392544, used 66661024, increment 9730176
Command line used:  environmentallayers=BMSB/models/native_model/m_22946811/Back_swd.csv samplesfile=BMSB/models/native_model/m_22946811/Sp_swd.csv projectionlayers=BMSB/models/native_model/m_22946811/Predictions/Pred_swd.csv outputdirectory=BMSB/models/native_model/BMSB_PA2_RUN2_MAXENT.Phillips_outputs outputformat=logistic redoifexists visible=FALSE linear=TRUE quadratic=TRUE product=TRUE threshold=TRUE hinge=TRUE lq2lqptthreshold=80 l2lqthreshold=10 hingethreshold=15 beta_threshold=-1 beta_categorical=-1 beta_lqp=-1 beta_hinge=-1 betamultiplier=1 defaultprevalence=0.5 autorun nowarnings notooltips noaddsamplestobackground
Command line to repeat: java density.MaxEnt nowarnings noprefixes outputformat=logistic outputdirectory=BMSB/models/native_model/BMSB_PA2_RUN2_MAXENT.Phillips_outputs projectionlayers=BMSB/models/native_model/m_22946811/Predictions/Pred_swd.csv samplesfile=BMSB/models/native_model/m_22946811/Sp_swd.csv environmentallayers=BMSB/models/native_model/m_22946811/Back_swd.csv nowarnings notooltips noaskoverwrite threshold noaddsamplestobackground autorun novisible
Species: BMSB_PA2_RUN2
Layers: bio02 bio03 bio08 bio09 bio13 bio14 bio15 bio18 bio19
Layertypes: Continuous Continuous Continuous Continuous Continuous Continuous Continuous Continuous Continuous
outputformat: logistic
outputdirectory: BMSB/models/native_model/BMSB_PA2_RUN2_MAXENT.Phillips_outputs
projectionlayers: BMSB/models/native_model/m_22946811/Predictions/Pred_swd.csv
samplesfile: BMSB/models/native_model/m_22946811/Sp_swd.csv
environmentallayers: BMSB/models/native_model/m_22946811/Back_swd.csv
warnings: false
tooltips: false
askoverwrite: false
threshold: true
addsamplestobackground: false
autorun: true
visible: false

getSamples: max memory 477626368, total allocated 163053568, free 96392544, used 66661024, increment 0
BMSB_PA2_RUN2: 
Regularization values: linear/quadratic/product: 0.050, categorical: 0.250, threshold: 1.000, hinge: 0.500
435 samples
Density: max memory 477626368, total allocated 163053568, free 130334824, used 32718744, increment -33942280
linearPredictor: max memory 477626368, total allocated 163053568, free 130334824, used 32718744, increment 0
FeaturedSpace: max memory 477626368, total allocated 163053568, free 130334824, used 32718744, increment 0
Sequential: max memory 477626368, total allocated 163053568, free 130334824, used 32718744, increment 0
Initial loss: 8.994420665751292
Time since start: 13.26
500: time = 12.665000 loss = -3.117401
Resulting gain: 12.111821207328196
Time since start: 15.218
Projecting...
Writing file BMSB/models/native_model/BMSB_PA2_RUN2_MAXENT.Phillips_outputs/BMSB_PA2_RUN2.csv
Projecting...
Reading file Pred_swd.csv
readGrid: max memory 477626368, total allocated 228589568, free 135575408, used 93014160, increment 60295416
Writing file BMSB/models/native_model/BMSB_PA2_RUN2_MAXENT.Phillips_outputs/BMSB_PA2_RUN2_Pred_swd.csv
Writing file BMSB/models/native_model/BMSB_PA2_RUN2_MAXENT.Phillips_outputs/BMSB_PA2_RUN2_Pred_swd_clamping.csv
Ending
