Wed Jun 30 13:31:23 BST 2021
MaxEnt version 3.4.4
Reading file Back_swd.csv
readGrid: max memory 477626368, total allocated 163053568, free 146485272, used 16568296, increment 16568296
Reading samples from Sp_swd.csv
Read samples: max memory 477626368, total allocated 163053568, free 101697952, used 61355616, increment 44787320
Making features
makeFeatures: max memory 477626368, total allocated 227540992, free 98022928, used 129518064, increment 68162448
Command line used:  environmentallayers=BMSB/models/world_model/m_22204391/Back_swd.csv samplesfile=BMSB/models/world_model/m_22204391/Sp_swd.csv projectionlayers=BMSB/models/world_model/m_22204391/Predictions/Pred_swd.csv outputdirectory=BMSB/models/world_model/BMSB_PA2_RUN2_MAXENT.Phillips_outputs outputformat=logistic redoifexists visible=FALSE linear=TRUE quadratic=TRUE product=TRUE threshold=TRUE hinge=TRUE lq2lqptthreshold=80 l2lqthreshold=10 hingethreshold=15 beta_threshold=-1 beta_categorical=-1 beta_lqp=-1 beta_hinge=-1 betamultiplier=1 defaultprevalence=0.5 autorun nowarnings notooltips noaddsamplestobackground
Command line to repeat: java density.MaxEnt nowarnings noprefixes outputformat=logistic outputdirectory=BMSB/models/world_model/BMSB_PA2_RUN2_MAXENT.Phillips_outputs projectionlayers=BMSB/models/world_model/m_22204391/Predictions/Pred_swd.csv samplesfile=BMSB/models/world_model/m_22204391/Sp_swd.csv environmentallayers=BMSB/models/world_model/m_22204391/Back_swd.csv nowarnings notooltips noaskoverwrite threshold noaddsamplestobackground autorun novisible
Species: BMSB_PA2_RUN2
Layers: bio02 bio03 bio08 bio09 bio13 bio14 bio15 bio18 bio19
Layertypes: Continuous Continuous Continuous Continuous Continuous Continuous Continuous Continuous Continuous
outputformat: logistic
outputdirectory: BMSB/models/world_model/BMSB_PA2_RUN2_MAXENT.Phillips_outputs
projectionlayers: BMSB/models/world_model/m_22204391/Predictions/Pred_swd.csv
samplesfile: BMSB/models/world_model/m_22204391/Sp_swd.csv
environmentallayers: BMSB/models/world_model/m_22204391/Back_swd.csv
warnings: false
tooltips: false
askoverwrite: false
threshold: true
addsamplestobackground: false
autorun: true
visible: false

getSamples: max memory 477626368, total allocated 227540992, free 98022928, used 129518064, increment 0
BMSB_PA2_RUN2: 
Regularization values: linear/quadratic/product: 0.050, categorical: 0.250, threshold: 1.000, hinge: 0.500
Time since start: 1.236
9676 samples
Density: max memory 477626368, total allocated 228065280, free 167844536, used 60220744, increment -69297320
linearPredictor: max memory 477626368, total allocated 228065280, free 167844536, used 60220744, increment 0
FeaturedSpace: max memory 477626368, total allocated 228065280, free 167844536, used 60220744, increment 0
Sequential: max memory 477626368, total allocated 228065280, free 167844536, used 60220744, increment 0
Initial loss: 8.983188799264434
Time since start: 19.952
500: time = 18.557000 loss = 3.508814
Resulting gain: 5.474374645167272
Time since start: 22.237
Projecting...
Writing file BMSB/models/world_model/BMSB_PA2_RUN2_MAXENT.Phillips_outputs/BMSB_PA2_RUN2.csv
Projecting...
Reading file Pred_swd.csv
readGrid: max memory 477626368, total allocated 140509184, free 75613640, used 64895544, increment 4674800
Writing file BMSB/models/world_model/BMSB_PA2_RUN2_MAXENT.Phillips_outputs/BMSB_PA2_RUN2_Pred_swd.csv
Writing file BMSB/models/world_model/BMSB_PA2_RUN2_MAXENT.Phillips_outputs/BMSB_PA2_RUN2_Pred_swd_clamping.csv
Time since start: 24.805
Ending
