Wed Jun 30 13:38:54 BST 2021
MaxEnt version 3.4.4
Reading file Back_swd.csv
readGrid: max memory 477626368, total allocated 163053568, free 130196104, used 32857464, increment 32857464
Reading samples from Sp_swd.csv
Read samples: max memory 477626368, total allocated 227540992, free 221690936, used 5850056, increment -27007408
Making features
makeFeatures: max memory 477626368, total allocated 227540992, free 89492224, used 138048768, increment 132198712
Command line used:  environmentallayers=BMSB/models/world_model/m_53501159/Back_swd.csv samplesfile=BMSB/models/world_model/m_53501159/Sp_swd.csv projectionlayers=BMSB/models/world_model/m_53501159/Predictions/Pred_swd.csv outputdirectory=BMSB/models/world_model/BMSB_PA2_RUN3_MAXENT.Phillips_outputs outputformat=logistic redoifexists visible=FALSE linear=TRUE quadratic=TRUE product=TRUE threshold=TRUE hinge=TRUE lq2lqptthreshold=80 l2lqthreshold=10 hingethreshold=15 beta_threshold=-1 beta_categorical=-1 beta_lqp=-1 beta_hinge=-1 betamultiplier=1 defaultprevalence=0.5 autorun nowarnings notooltips noaddsamplestobackground
Command line to repeat: java density.MaxEnt nowarnings noprefixes outputformat=logistic outputdirectory=BMSB/models/world_model/BMSB_PA2_RUN3_MAXENT.Phillips_outputs projectionlayers=BMSB/models/world_model/m_53501159/Predictions/Pred_swd.csv samplesfile=BMSB/models/world_model/m_53501159/Sp_swd.csv environmentallayers=BMSB/models/world_model/m_53501159/Back_swd.csv nowarnings notooltips noaskoverwrite threshold noaddsamplestobackground autorun novisible
Species: BMSB_PA2_RUN3
Layers: bio02 bio03 bio08 bio09 bio13 bio14 bio15 bio18 bio19
Layertypes: Continuous Continuous Continuous Continuous Continuous Continuous Continuous Continuous Continuous
outputformat: logistic
outputdirectory: BMSB/models/world_model/BMSB_PA2_RUN3_MAXENT.Phillips_outputs
projectionlayers: BMSB/models/world_model/m_53501159/Predictions/Pred_swd.csv
samplesfile: BMSB/models/world_model/m_53501159/Sp_swd.csv
environmentallayers: BMSB/models/world_model/m_53501159/Back_swd.csv
warnings: false
tooltips: false
askoverwrite: false
threshold: true
addsamplestobackground: false
autorun: true
visible: false

getSamples: max memory 477626368, total allocated 228065280, free 210790400, used 17274880, increment -120773888
BMSB_PA2_RUN3: 
Regularization values: linear/quadratic/product: 0.050, categorical: 0.250, threshold: 1.000, hinge: 0.500
Time since start: 1.05
9596 samples
Density: max memory 477626368, total allocated 228065280, free 162802872, used 65262408, increment 47987528
linearPredictor: max memory 477626368, total allocated 228065280, free 162802872, used 65262408, increment 0
FeaturedSpace: max memory 477626368, total allocated 228065280, free 162802872, used 65262408, increment 0
Sequential: max memory 477626368, total allocated 228065280, free 162802872, used 65262408, increment 0
Initial loss: 8.991686725934825
Time since start: 19.316
500: time = 18.105000 loss = 3.154663
Resulting gain: 5.837024121739441
Time since start: 21.61
Projecting...
Writing file BMSB/models/world_model/BMSB_PA2_RUN3_MAXENT.Phillips_outputs/BMSB_PA2_RUN3.csv
Projecting...
Reading file Pred_swd.csv
readGrid: max memory 477626368, total allocated 135790592, free 84044328, used 51746264, increment -13516144
Writing file BMSB/models/world_model/BMSB_PA2_RUN3_MAXENT.Phillips_outputs/BMSB_PA2_RUN3_Pred_swd.csv
Writing file BMSB/models/world_model/BMSB_PA2_RUN3_MAXENT.Phillips_outputs/BMSB_PA2_RUN3_Pred_swd_clamping.csv
Time since start: 24.011
Ending
