Wed Jun 30 13:07:50 BST 2021
MaxEnt version 3.4.4
Reading file Back_swd.csv
readGrid: max memory 477626368, total allocated 163053568, free 128985320, used 34068248, increment 34068248
Reading samples from Sp_swd.csv
Read samples: max memory 477626368, total allocated 227540992, free 219807144, used 7733848, increment -26334400
Making features
makeFeatures: max memory 477626368, total allocated 228065280, free 210937864, used 17127416, increment 9393568
Command line used:  environmentallayers=BMSB/models/world_model/m_49269920/Back_swd.csv samplesfile=BMSB/models/world_model/m_49269920/Sp_swd.csv projectionlayers=BMSB/models/world_model/m_49269920/Predictions/Pred_swd.csv outputdirectory=BMSB/models/world_model/BMSB_PA1_RUN4_MAXENT.Phillips_outputs outputformat=logistic redoifexists visible=FALSE linear=TRUE quadratic=TRUE product=TRUE threshold=TRUE hinge=TRUE lq2lqptthreshold=80 l2lqthreshold=10 hingethreshold=15 beta_threshold=-1 beta_categorical=-1 beta_lqp=-1 beta_hinge=-1 betamultiplier=1 defaultprevalence=0.5 autorun nowarnings notooltips noaddsamplestobackground
Command line to repeat: java density.MaxEnt nowarnings noprefixes outputformat=logistic outputdirectory=BMSB/models/world_model/BMSB_PA1_RUN4_MAXENT.Phillips_outputs projectionlayers=BMSB/models/world_model/m_49269920/Predictions/Pred_swd.csv samplesfile=BMSB/models/world_model/m_49269920/Sp_swd.csv environmentallayers=BMSB/models/world_model/m_49269920/Back_swd.csv nowarnings notooltips noaskoverwrite threshold noaddsamplestobackground autorun novisible
Species: BMSB_PA1_RUN4
Layers: bio02 bio03 bio08 bio09 bio13 bio14 bio15 bio18 bio19
Layertypes: Continuous Continuous Continuous Continuous Continuous Continuous Continuous Continuous Continuous
outputformat: logistic
outputdirectory: BMSB/models/world_model/BMSB_PA1_RUN4_MAXENT.Phillips_outputs
projectionlayers: BMSB/models/world_model/m_49269920/Predictions/Pred_swd.csv
samplesfile: BMSB/models/world_model/m_49269920/Sp_swd.csv
environmentallayers: BMSB/models/world_model/m_49269920/Back_swd.csv
warnings: false
tooltips: false
askoverwrite: false
threshold: true
addsamplestobackground: false
autorun: true
visible: false

getSamples: max memory 477626368, total allocated 228065280, free 210937864, used 17127416, increment 0
BMSB_PA1_RUN4: 
Regularization values: linear/quadratic/product: 0.050, categorical: 0.250, threshold: 1.000, hinge: 0.500
Time since start: 1.151
9683 samples
Density: max memory 477626368, total allocated 228065280, free 160403592, used 67661688, increment 50534272
linearPredictor: max memory 477626368, total allocated 228065280, free 160403592, used 67661688, increment 0
FeaturedSpace: max memory 477626368, total allocated 228065280, free 160403592, used 67661688, increment 0
Sequential: max memory 477626368, total allocated 228065280, free 160403592, used 67661688, increment 0
Initial loss: 8.99516499031115
Time since start: 19.466
500: time = 18.153000 loss = 2.651211
Resulting gain: 6.34395429355815
Time since start: 21.717
Projecting...
Writing file BMSB/models/world_model/BMSB_PA1_RUN4_MAXENT.Phillips_outputs/BMSB_PA1_RUN4.csv
Projecting...
Reading file Pred_swd.csv
readGrid: max memory 477626368, total allocated 143130624, free 80693584, used 62437040, increment -5224648
Writing file BMSB/models/world_model/BMSB_PA1_RUN4_MAXENT.Phillips_outputs/BMSB_PA1_RUN4_Pred_swd.csv
Writing file BMSB/models/world_model/BMSB_PA1_RUN4_MAXENT.Phillips_outputs/BMSB_PA1_RUN4_Pred_swd_clamping.csv
Time since start: 23.401
Ending
