Wed Jun 30 13:23:14 BST 2021
MaxEnt version 3.4.4
Reading file Back_swd.csv
readGrid: max memory 477626368, total allocated 163053568, free 127436200, used 35617368, increment 35617368
Reading samples from Sp_swd.csv
Read samples: max memory 477626368, total allocated 227016704, free 211313520, used 15703184, increment -19914184
Making features
makeFeatures: max memory 477626368, total allocated 227540992, free 213400856, used 14140136, increment -1563048
Command line used:  environmentallayers=BMSB/models/world_model/m_13482971/Back_swd.csv samplesfile=BMSB/models/world_model/m_13482971/Sp_swd.csv projectionlayers=BMSB/models/world_model/m_13482971/Predictions/Pred_swd.csv outputdirectory=BMSB/models/world_model/BMSB_PA2_RUN1_MAXENT.Phillips_outputs outputformat=logistic redoifexists visible=FALSE linear=TRUE quadratic=TRUE product=TRUE threshold=TRUE hinge=TRUE lq2lqptthreshold=80 l2lqthreshold=10 hingethreshold=15 beta_threshold=-1 beta_categorical=-1 beta_lqp=-1 beta_hinge=-1 betamultiplier=1 defaultprevalence=0.5 autorun nowarnings notooltips noaddsamplestobackground
Command line to repeat: java density.MaxEnt nowarnings noprefixes outputformat=logistic outputdirectory=BMSB/models/world_model/BMSB_PA2_RUN1_MAXENT.Phillips_outputs projectionlayers=BMSB/models/world_model/m_13482971/Predictions/Pred_swd.csv samplesfile=BMSB/models/world_model/m_13482971/Sp_swd.csv environmentallayers=BMSB/models/world_model/m_13482971/Back_swd.csv nowarnings notooltips noaskoverwrite threshold noaddsamplestobackground autorun novisible
Species: BMSB_PA2_RUN1
Layers: bio02 bio03 bio08 bio09 bio13 bio14 bio15 bio18 bio19
Layertypes: Continuous Continuous Continuous Continuous Continuous Continuous Continuous Continuous Continuous
outputformat: logistic
outputdirectory: BMSB/models/world_model/BMSB_PA2_RUN1_MAXENT.Phillips_outputs
projectionlayers: BMSB/models/world_model/m_13482971/Predictions/Pred_swd.csv
samplesfile: BMSB/models/world_model/m_13482971/Sp_swd.csv
environmentallayers: BMSB/models/world_model/m_13482971/Back_swd.csv
warnings: false
tooltips: false
askoverwrite: false
threshold: true
addsamplestobackground: false
autorun: true
visible: false

getSamples: max memory 477626368, total allocated 227540992, free 210709376, used 16831616, increment 2691480
BMSB_PA2_RUN1: 
Regularization values: linear/quadratic/product: 0.050, categorical: 0.250, threshold: 1.000, hinge: 0.500
Time since start: 1.22
9234 samples
Density: max memory 477626368, total allocated 227540992, free 163652448, used 63888544, increment 47056928
linearPredictor: max memory 477626368, total allocated 227540992, free 163652448, used 63888544, increment 0
FeaturedSpace: max memory 477626368, total allocated 227540992, free 163652448, used 63888544, increment 0
Sequential: max memory 477626368, total allocated 227540992, free 163652448, used 63888544, increment 0
Initial loss: 8.988695696785708
Time since start: 19.929
500: time = 18.550000 loss = 2.724680
Resulting gain: 6.264015804888388
Time since start: 22.036
Projecting...
Writing file BMSB/models/world_model/BMSB_PA2_RUN1_MAXENT.Phillips_outputs/BMSB_PA2_RUN1.csv
Projecting...
Reading file Pred_swd.csv
readGrid: max memory 477626368, total allocated 136839168, free 79717800, used 57121368, increment -6767176
Writing file BMSB/models/world_model/BMSB_PA2_RUN1_MAXENT.Phillips_outputs/BMSB_PA2_RUN1_Pred_swd.csv
Writing file BMSB/models/world_model/BMSB_PA2_RUN1_MAXENT.Phillips_outputs/BMSB_PA2_RUN1_Pred_swd_clamping.csv
Time since start: 23.991
Ending
