Thu Jun 24 12:28:24 BST 2021
MaxEnt version 3.4.4
Reading file Back_swd.csv
readGrid: max memory 477626368, total allocated 128974848, free 105091576, used 23883272, increment 23883272
Reading samples from Sp_swd.csv
Read samples: max memory 477626368, total allocated 128974848, free 103358952, used 25615896, increment 1732624
Making features
makeFeatures: max memory 477626368, total allocated 128974848, free 93324368, used 35650480, increment 10034584
Command line used:  environmentallayers=BMSB/models/native_model/m_23924854/Back_swd.csv samplesfile=BMSB/models/native_model/m_23924854/Sp_swd.csv projectionlayers=BMSB/models/native_model/m_23924854/Predictions/Pred_swd.csv outputdirectory=BMSB/models/native_model/BMSB_PA1_RUN5_MAXENT.Phillips_outputs outputformat=logistic redoifexists visible=FALSE linear=TRUE quadratic=TRUE product=TRUE threshold=TRUE hinge=TRUE lq2lqptthreshold=80 l2lqthreshold=10 hingethreshold=15 beta_threshold=-1 beta_categorical=-1 beta_lqp=-1 beta_hinge=-1 betamultiplier=1 defaultprevalence=0.5 autorun nowarnings notooltips noaddsamplestobackground
Command line to repeat: java density.MaxEnt nowarnings noprefixes outputformat=logistic outputdirectory=BMSB/models/native_model/BMSB_PA1_RUN5_MAXENT.Phillips_outputs projectionlayers=BMSB/models/native_model/m_23924854/Predictions/Pred_swd.csv samplesfile=BMSB/models/native_model/m_23924854/Sp_swd.csv environmentallayers=BMSB/models/native_model/m_23924854/Back_swd.csv nowarnings notooltips noaskoverwrite threshold noaddsamplestobackground autorun novisible
Species: BMSB_PA1_RUN5
Layers: bio02 bio03 bio08 bio09 bio13 bio14 bio15 bio18 bio19
Layertypes: Continuous Continuous Continuous Continuous Continuous Continuous Continuous Continuous Continuous
outputformat: logistic
outputdirectory: BMSB/models/native_model/BMSB_PA1_RUN5_MAXENT.Phillips_outputs
projectionlayers: BMSB/models/native_model/m_23924854/Predictions/Pred_swd.csv
samplesfile: BMSB/models/native_model/m_23924854/Sp_swd.csv
environmentallayers: BMSB/models/native_model/m_23924854/Back_swd.csv
warnings: false
tooltips: false
askoverwrite: false
threshold: true
addsamplestobackground: false
autorun: true
visible: false

getSamples: max memory 477626368, total allocated 128974848, free 92789904, used 36184944, increment 534464
BMSB_PA1_RUN5: 
Regularization values: linear/quadratic/product: 0.050, categorical: 0.250, threshold: 1.000, hinge: 0.500
475 samples
Density: max memory 477626368, total allocated 163053568, free 128406456, used 34647112, increment -1537832
linearPredictor: max memory 477626368, total allocated 163053568, free 128406456, used 34647112, increment 0
FeaturedSpace: max memory 477626368, total allocated 163053568, free 128406456, used 34647112, increment 0
Sequential: max memory 477626368, total allocated 163053568, free 128406456, used 34647112, increment 0
Initial loss: 8.993303139093733
Time since start: 13.079
500: time = 12.474000 loss = -0.791636
Resulting gain: 9.784938784055509
Time since start: 15.125
Projecting...
Writing file BMSB/models/native_model/BMSB_PA1_RUN5_MAXENT.Phillips_outputs/BMSB_PA1_RUN5.csv
Projecting...
Reading file Pred_swd.csv
readGrid: max memory 477626368, total allocated 190316544, free 73773200, used 116543344, increment 81896232
Writing file BMSB/models/native_model/BMSB_PA1_RUN5_MAXENT.Phillips_outputs/BMSB_PA1_RUN5_Pred_swd.csv
Writing file BMSB/models/native_model/BMSB_PA1_RUN5_MAXENT.Phillips_outputs/BMSB_PA1_RUN5_Pred_swd_clamping.csv
Ending
