Thu Jun 24 12:51:10 BST 2021
MaxEnt version 3.4.4
Reading file Back_swd.csv
readGrid: max memory 477626368, total allocated 128974848, free 104409848, used 24565000, increment 24565000
Reading samples from Sp_swd.csv
Read samples: max memory 477626368, total allocated 128974848, free 99970480, used 29004368, increment 4439368
Making features
makeFeatures: max memory 477626368, total allocated 163053568, free 156585264, used 6468304, increment -22536064
Command line used:  environmentallayers=BMSB/models/native_model/m_09985097/Back_swd.csv samplesfile=BMSB/models/native_model/m_09985097/Sp_swd.csv projectionlayers=BMSB/models/native_model/m_09985097/Predictions/Pred_swd.csv outputdirectory=BMSB/models/native_model/BMSB_PA2_RUN3_MAXENT.Phillips_outputs outputformat=logistic redoifexists visible=FALSE linear=TRUE quadratic=TRUE product=TRUE threshold=TRUE hinge=TRUE lq2lqptthreshold=80 l2lqthreshold=10 hingethreshold=15 beta_threshold=-1 beta_categorical=-1 beta_lqp=-1 beta_hinge=-1 betamultiplier=1 defaultprevalence=0.5 autorun nowarnings notooltips noaddsamplestobackground
Command line to repeat: java density.MaxEnt nowarnings noprefixes outputformat=logistic outputdirectory=BMSB/models/native_model/BMSB_PA2_RUN3_MAXENT.Phillips_outputs projectionlayers=BMSB/models/native_model/m_09985097/Predictions/Pred_swd.csv samplesfile=BMSB/models/native_model/m_09985097/Sp_swd.csv environmentallayers=BMSB/models/native_model/m_09985097/Back_swd.csv nowarnings notooltips noaskoverwrite threshold noaddsamplestobackground autorun novisible
Species: BMSB_PA2_RUN3
Layers: bio02 bio03 bio08 bio09 bio13 bio14 bio15 bio18 bio19
Layertypes: Continuous Continuous Continuous Continuous Continuous Continuous Continuous Continuous Continuous
outputformat: logistic
outputdirectory: BMSB/models/native_model/BMSB_PA2_RUN3_MAXENT.Phillips_outputs
projectionlayers: BMSB/models/native_model/m_09985097/Predictions/Pred_swd.csv
samplesfile: BMSB/models/native_model/m_09985097/Sp_swd.csv
environmentallayers: BMSB/models/native_model/m_09985097/Back_swd.csv
warnings: false
tooltips: false
askoverwrite: false
threshold: true
addsamplestobackground: false
autorun: true
visible: false

getSamples: max memory 477626368, total allocated 163053568, free 155229752, used 7823816, increment 1355512
BMSB_PA2_RUN3: 
Regularization values: linear/quadratic/product: 0.050, categorical: 0.250, threshold: 1.000, hinge: 0.500
506 samples
Density: max memory 477626368, total allocated 163053568, free 124322232, used 38731336, increment 30907520
linearPredictor: max memory 477626368, total allocated 163053568, free 124322232, used 38731336, increment 0
FeaturedSpace: max memory 477626368, total allocated 163053568, free 124322232, used 38731336, increment 0
Sequential: max memory 477626368, total allocated 163053568, free 124322232, used 38731336, increment 0
Initial loss: 8.990316947998217
Time since start: 13.004
500: time = 12.509000 loss = -1.612111
Resulting gain: 10.602427448788427
Time since start: 14.434
Projecting...
Writing file BMSB/models/native_model/BMSB_PA2_RUN3_MAXENT.Phillips_outputs/BMSB_PA2_RUN3.csv
Projecting...
Reading file Pred_swd.csv
readGrid: max memory 477626368, total allocated 136839168, free 78188064, used 58651104, increment 19919768
Writing file BMSB/models/native_model/BMSB_PA2_RUN3_MAXENT.Phillips_outputs/BMSB_PA2_RUN3_Pred_swd.csv
Writing file BMSB/models/native_model/BMSB_PA2_RUN3_MAXENT.Phillips_outputs/BMSB_PA2_RUN3_Pred_swd_clamping.csv
Ending
