Thu Jun 24 12:07:41 BST 2021
MaxEnt version 3.4.4
Reading file Back_swd.csv
readGrid: max memory 477626368, total allocated 128974848, free 106463088, used 22511760, increment 22511760
Reading samples from Sp_swd.csv
Read samples: max memory 477626368, total allocated 128974848, free 104025584, used 24949264, increment 2437504
Making features
makeFeatures: max memory 477626368, total allocated 128974848, free 94679696, used 34295152, increment 9345888
Command line used:  environmentallayers=BMSB/models/native_model/m_40904642/Back_swd.csv samplesfile=BMSB/models/native_model/m_40904642/Sp_swd.csv projectionlayers=BMSB/models/native_model/m_40904642/Predictions/Pred_swd.csv outputdirectory=BMSB/models/native_model/BMSB_PA1_RUN2_MAXENT.Phillips_outputs outputformat=logistic redoifexists visible=FALSE linear=TRUE quadratic=TRUE product=TRUE threshold=TRUE hinge=TRUE lq2lqptthreshold=80 l2lqthreshold=10 hingethreshold=15 beta_threshold=-1 beta_categorical=-1 beta_lqp=-1 beta_hinge=-1 betamultiplier=1 defaultprevalence=0.5 autorun nowarnings notooltips noaddsamplestobackground
Command line to repeat: java density.MaxEnt nowarnings noprefixes outputformat=logistic outputdirectory=BMSB/models/native_model/BMSB_PA1_RUN2_MAXENT.Phillips_outputs projectionlayers=BMSB/models/native_model/m_40904642/Predictions/Pred_swd.csv samplesfile=BMSB/models/native_model/m_40904642/Sp_swd.csv environmentallayers=BMSB/models/native_model/m_40904642/Back_swd.csv nowarnings notooltips noaskoverwrite threshold noaddsamplestobackground autorun novisible
Species: BMSB_PA1_RUN2
Layers: bio02 bio03 bio08 bio09 bio13 bio14 bio15 bio18 bio19
Layertypes: Continuous Continuous Continuous Continuous Continuous Continuous Continuous Continuous Continuous
outputformat: logistic
outputdirectory: BMSB/models/native_model/BMSB_PA1_RUN2_MAXENT.Phillips_outputs
projectionlayers: BMSB/models/native_model/m_40904642/Predictions/Pred_swd.csv
samplesfile: BMSB/models/native_model/m_40904642/Sp_swd.csv
environmentallayers: BMSB/models/native_model/m_40904642/Back_swd.csv
warnings: false
tooltips: false
askoverwrite: false
threshold: true
addsamplestobackground: false
autorun: true
visible: false

getSamples: max memory 477626368, total allocated 128974848, free 93997560, used 34977288, increment 682136
BMSB_PA1_RUN2: 
Regularization values: linear/quadratic/product: 0.050, categorical: 0.250, threshold: 1.000, hinge: 0.500
435 samples
Density: max memory 477626368, total allocated 163053568, free 129773120, used 33280448, increment -1696840
linearPredictor: max memory 477626368, total allocated 163053568, free 129773120, used 33280448, increment 0
FeaturedSpace: max memory 477626368, total allocated 163053568, free 129773120, used 33280448, increment 0
Sequential: max memory 477626368, total allocated 163053568, free 129773120, used 33280448, increment 0
Initial loss: 8.991064332188461
Time since start: 12.798
500: time = 12.268000 loss = -2.694383
Resulting gain: 11.685447784831364
Time since start: 14.153
Projecting...
Writing file BMSB/models/native_model/BMSB_PA1_RUN2_MAXENT.Phillips_outputs/BMSB_PA1_RUN2.csv
Projecting...
Reading file Pred_swd.csv
readGrid: max memory 477626368, total allocated 149946368, free 98049832, used 51896536, increment 18616088
Writing file BMSB/models/native_model/BMSB_PA1_RUN2_MAXENT.Phillips_outputs/BMSB_PA1_RUN2_Pred_swd.csv
Writing file BMSB/models/native_model/BMSB_PA1_RUN2_MAXENT.Phillips_outputs/BMSB_PA1_RUN2_Pred_swd_clamping.csv
Ending
