Wed Jul 07 12:34:52 BST 2021
MaxEnt version 3.4.4
Reading file Back_swd.csv
readGrid: max memory 477626368, total allocated 163053568, free 130316112, used 32737456, increment 32737456
Reading samples from Sp_swd.csv
Read samples: max memory 477626368, total allocated 163053568, free 95028432, used 68025136, increment 35287680
Making features
makeFeatures: max memory 477626368, total allocated 227540992, free 99963200, used 127577792, increment 59552656
Command line used:  environmentallayers=BMSB/models/invaded_model/m_51089653/Back_swd.csv samplesfile=BMSB/models/invaded_model/m_51089653/Sp_swd.csv projectionlayers=BMSB/models/invaded_model/m_51089653/Predictions/Pred_swd.csv outputdirectory=BMSB/models/invaded_model/BMSB_PA2_RUN3_MAXENT.Phillips_outputs outputformat=logistic redoifexists visible=FALSE linear=TRUE quadratic=TRUE product=TRUE threshold=TRUE hinge=TRUE lq2lqptthreshold=80 l2lqthreshold=10 hingethreshold=15 beta_threshold=-1 beta_categorical=-1 beta_lqp=-1 beta_hinge=-1 betamultiplier=1 defaultprevalence=0.5 autorun nowarnings notooltips noaddsamplestobackground
Command line to repeat: java density.MaxEnt nowarnings noprefixes outputformat=logistic outputdirectory=BMSB/models/invaded_model/BMSB_PA2_RUN3_MAXENT.Phillips_outputs projectionlayers=BMSB/models/invaded_model/m_51089653/Predictions/Pred_swd.csv samplesfile=BMSB/models/invaded_model/m_51089653/Sp_swd.csv environmentallayers=BMSB/models/invaded_model/m_51089653/Back_swd.csv nowarnings notooltips noaskoverwrite threshold noaddsamplestobackground autorun novisible
Species: BMSB_PA2_RUN3
Layers: bio02 bio03 bio08 bio09 bio13 bio14 bio15 bio18 bio19
Layertypes: Continuous Continuous Continuous Continuous Continuous Continuous Continuous Continuous Continuous
outputformat: logistic
outputdirectory: BMSB/models/invaded_model/BMSB_PA2_RUN3_MAXENT.Phillips_outputs
projectionlayers: BMSB/models/invaded_model/m_51089653/Predictions/Pred_swd.csv
samplesfile: BMSB/models/invaded_model/m_51089653/Sp_swd.csv
environmentallayers: BMSB/models/invaded_model/m_51089653/Back_swd.csv
warnings: false
tooltips: false
askoverwrite: false
threshold: true
addsamplestobackground: false
autorun: true
visible: false

getSamples: max memory 477626368, total allocated 227540992, free 99963200, used 127577792, increment 0
BMSB_PA2_RUN3: 
Regularization values: linear/quadratic/product: 0.050, categorical: 0.250, threshold: 1.000, hinge: 0.500
9171 samples
Time since start: 1.123
Density: max memory 477626368, total allocated 228065280, free 171744496, used 56320784, increment -71257008
linearPredictor: max memory 477626368, total allocated 228065280, free 171744496, used 56320784, increment 0
FeaturedSpace: max memory 477626368, total allocated 228065280, free 171744496, used 56320784, increment 0
Sequential: max memory 477626368, total allocated 228065280, free 171744496, used 56320784, increment 0
Initial loss: 8.980927207648378
Time since start: 18.589
500: time = 17.445000 loss = 2.854534
Resulting gain: 6.126393162981966
Time since start: 20.953
Projecting...
Writing file BMSB/models/invaded_model/BMSB_PA2_RUN3_MAXENT.Phillips_outputs/BMSB_PA2_RUN3.csv
Projecting...
Reading file Pred_swd.csv
readGrid: max memory 477626368, total allocated 137887744, free 59400136, used 78487608, increment 22166824
Writing file BMSB/models/invaded_model/BMSB_PA2_RUN3_MAXENT.Phillips_outputs/BMSB_PA2_RUN3_Pred_swd.csv
Writing file BMSB/models/invaded_model/BMSB_PA2_RUN3_MAXENT.Phillips_outputs/BMSB_PA2_RUN3_Pred_swd_clamping.csv
Time since start: 23.115
Ending
