Wed Jul 07 11:42:48 BST 2021
MaxEnt version 3.4.4
Reading file Back_swd.csv
readGrid: max memory 477626368, total allocated 163053568, free 126154672, used 36898896, increment 36898896
Reading samples from Sp_swd.csv
Read samples: max memory 477626368, total allocated 227016704, free 216686168, used 10330536, increment -26568360
Making features
makeFeatures: max memory 477626368, total allocated 227016704, free 90963696, used 136053008, increment 125722472
Command line used:  environmentallayers=BMSB/models/invaded_model/m_47209353/Back_swd.csv samplesfile=BMSB/models/invaded_model/m_47209353/Sp_swd.csv projectionlayers=BMSB/models/invaded_model/m_47209353/Predictions/Pred_swd.csv outputdirectory=BMSB/models/invaded_model/BMSB_PA1_RUN3_MAXENT.Phillips_outputs outputformat=logistic redoifexists visible=FALSE linear=TRUE quadratic=TRUE product=TRUE threshold=TRUE hinge=TRUE lq2lqptthreshold=80 l2lqthreshold=10 hingethreshold=15 beta_threshold=-1 beta_categorical=-1 beta_lqp=-1 beta_hinge=-1 betamultiplier=1 defaultprevalence=0.5 autorun nowarnings notooltips noaddsamplestobackground
Command line to repeat: java density.MaxEnt nowarnings noprefixes outputformat=logistic outputdirectory=BMSB/models/invaded_model/BMSB_PA1_RUN3_MAXENT.Phillips_outputs projectionlayers=BMSB/models/invaded_model/m_47209353/Predictions/Pred_swd.csv samplesfile=BMSB/models/invaded_model/m_47209353/Sp_swd.csv environmentallayers=BMSB/models/invaded_model/m_47209353/Back_swd.csv nowarnings notooltips noaskoverwrite threshold noaddsamplestobackground autorun novisible
Species: BMSB_PA1_RUN3
Layers: bio02 bio03 bio08 bio09 bio13 bio14 bio15 bio18 bio19
Layertypes: Continuous Continuous Continuous Continuous Continuous Continuous Continuous Continuous Continuous
outputformat: logistic
outputdirectory: BMSB/models/invaded_model/BMSB_PA1_RUN3_MAXENT.Phillips_outputs
projectionlayers: BMSB/models/invaded_model/m_47209353/Predictions/Pred_swd.csv
samplesfile: BMSB/models/invaded_model/m_47209353/Sp_swd.csv
environmentallayers: BMSB/models/invaded_model/m_47209353/Back_swd.csv
warnings: false
tooltips: false
askoverwrite: false
threshold: true
addsamplestobackground: false
autorun: true
visible: false

getSamples: max memory 477626368, total allocated 227016704, free 90963696, used 136053008, increment 0
BMSB_PA1_RUN3: 
Regularization values: linear/quadratic/product: 0.050, categorical: 0.250, threshold: 1.000, hinge: 0.500
Time since start: 1.054
9171 samples
Density: max memory 477626368, total allocated 227540992, free 167339936, used 60201056, increment -75851952
linearPredictor: max memory 477626368, total allocated 227540992, free 167339936, used 60201056, increment 0
FeaturedSpace: max memory 477626368, total allocated 227540992, free 167339936, used 60201056, increment 0
Sequential: max memory 477626368, total allocated 227540992, free 167339936, used 60201056, increment 0
Initial loss: 8.981304494957135
Time since start: 18.639
500: time = 17.415000 loss = 2.182570
Resulting gain: 6.798734456525526
Time since start: 20.643
Projecting...
Writing file BMSB/models/invaded_model/BMSB_PA1_RUN3_MAXENT.Phillips_outputs/BMSB_PA1_RUN3.csv
Projecting...
Reading file Pred_swd.csv
readGrid: max memory 477626368, total allocated 151519232, free 114117248, used 37401984, increment -22799072
Writing file BMSB/models/invaded_model/BMSB_PA1_RUN3_MAXENT.Phillips_outputs/BMSB_PA1_RUN3_Pred_swd.csv
Writing file BMSB/models/invaded_model/BMSB_PA1_RUN3_MAXENT.Phillips_outputs/BMSB_PA1_RUN3_Pred_swd_clamping.csv
Time since start: 22.404
Ending
