Wed Jul 07 11:57:51 BST 2021
MaxEnt version 3.4.4
Reading file Back_swd.csv
readGrid: max memory 477626368, total allocated 163053568, free 127330696, used 35722872, increment 35722872
Reading samples from Sp_swd.csv
Read samples: max memory 477626368, total allocated 227016704, free 222028536, used 4988168, increment -30734704
Making features
makeFeatures: max memory 477626368, total allocated 227016704, free 93655104, used 133361600, increment 128373432
Command line used:  environmentallayers=BMSB/models/invaded_model/m_50549869/Back_swd.csv samplesfile=BMSB/models/invaded_model/m_50549869/Sp_swd.csv projectionlayers=BMSB/models/invaded_model/m_50549869/Predictions/Pred_swd.csv outputdirectory=BMSB/models/invaded_model/BMSB_PA1_RUN5_MAXENT.Phillips_outputs outputformat=logistic redoifexists visible=FALSE linear=TRUE quadratic=TRUE product=TRUE threshold=TRUE hinge=TRUE lq2lqptthreshold=80 l2lqthreshold=10 hingethreshold=15 beta_threshold=-1 beta_categorical=-1 beta_lqp=-1 beta_hinge=-1 betamultiplier=1 defaultprevalence=0.5 autorun nowarnings notooltips noaddsamplestobackground
Command line to repeat: java density.MaxEnt nowarnings noprefixes outputformat=logistic outputdirectory=BMSB/models/invaded_model/BMSB_PA1_RUN5_MAXENT.Phillips_outputs projectionlayers=BMSB/models/invaded_model/m_50549869/Predictions/Pred_swd.csv samplesfile=BMSB/models/invaded_model/m_50549869/Sp_swd.csv environmentallayers=BMSB/models/invaded_model/m_50549869/Back_swd.csv nowarnings notooltips noaskoverwrite threshold noaddsamplestobackground autorun novisible
Species: BMSB_PA1_RUN5
Layers: bio02 bio03 bio08 bio09 bio13 bio14 bio15 bio18 bio19
Layertypes: Continuous Continuous Continuous Continuous Continuous Continuous Continuous Continuous Continuous
outputformat: logistic
outputdirectory: BMSB/models/invaded_model/BMSB_PA1_RUN5_MAXENT.Phillips_outputs
projectionlayers: BMSB/models/invaded_model/m_50549869/Predictions/Pred_swd.csv
samplesfile: BMSB/models/invaded_model/m_50549869/Sp_swd.csv
environmentallayers: BMSB/models/invaded_model/m_50549869/Back_swd.csv
warnings: false
tooltips: false
askoverwrite: false
threshold: true
addsamplestobackground: false
autorun: true
visible: false

getSamples: max memory 477626368, total allocated 227016704, free 93655104, used 133361600, increment 0
BMSB_PA1_RUN5: 
Regularization values: linear/quadratic/product: 0.050, categorical: 0.250, threshold: 1.000, hinge: 0.500
Time since start: 1.094
9110 samples
Density: max memory 477626368, total allocated 227540992, free 168373680, used 59167312, increment -74194288
linearPredictor: max memory 477626368, total allocated 227540992, free 168373680, used 59167312, increment 0
FeaturedSpace: max memory 477626368, total allocated 227540992, free 168373680, used 59167312, increment 0
Sequential: max memory 477626368, total allocated 227540992, free 168373680, used 59167312, increment 0
Initial loss: 8.980046316633132
Time since start: 18.907
500: time = 17.653000 loss = 1.971761
Resulting gain: 7.008285452636762
Time since start: 20.806
Projecting...
Writing file BMSB/models/invaded_model/BMSB_PA1_RUN5_MAXENT.Phillips_outputs/BMSB_PA1_RUN5.csv
Projecting...
Reading file Pred_swd.csv
readGrid: max memory 477626368, total allocated 141033472, free 99389472, used 41644000, increment -17523312
Writing file BMSB/models/invaded_model/BMSB_PA1_RUN5_MAXENT.Phillips_outputs/BMSB_PA1_RUN5_Pred_swd.csv
Writing file BMSB/models/invaded_model/BMSB_PA1_RUN5_MAXENT.Phillips_outputs/BMSB_PA1_RUN5_Pred_swd_clamping.csv
Time since start: 22.315
Ending
