Wed Jun 23 22:10:46 BST 2021
MaxEnt version 3.4.4
Reading file Back_swd.csv
readGrid: max memory 477626368, total allocated 128974848, free 96434704, used 32540144, increment 32540144
Reading samples from Sp_swd.csv
Read samples: max memory 477626368, total allocated 163053568, free 112287856, used 50765712, increment 18225568
Making features
makeFeatures: max memory 477626368, total allocated 227540992, free 151373936, used 76167056, increment 25401344
Command line used:  environmentallayers=BMSB/models/usa/m_45371148/Back_swd.csv samplesfile=BMSB/models/usa/m_45371148/Sp_swd.csv projectionlayers=BMSB/models/usa/m_45371148/Predictions/Pred_swd.csv outputdirectory=BMSB/models/usa/BMSB_PA2_RUN5_MAXENT.Phillips_outputs outputformat=logistic redoifexists visible=FALSE linear=TRUE quadratic=TRUE product=TRUE threshold=TRUE hinge=TRUE lq2lqptthreshold=80 l2lqthreshold=10 hingethreshold=15 beta_threshold=-1 beta_categorical=-1 beta_lqp=-1 beta_hinge=-1 betamultiplier=1 defaultprevalence=0.5 autorun nowarnings notooltips noaddsamplestobackground
Command line to repeat: java density.MaxEnt nowarnings noprefixes outputformat=logistic outputdirectory=BMSB/models/usa/BMSB_PA2_RUN5_MAXENT.Phillips_outputs projectionlayers=BMSB/models/usa/m_45371148/Predictions/Pred_swd.csv samplesfile=BMSB/models/usa/m_45371148/Sp_swd.csv environmentallayers=BMSB/models/usa/m_45371148/Back_swd.csv nowarnings notooltips noaskoverwrite threshold noaddsamplestobackground autorun novisible
Species: BMSB_PA2_RUN5
Layers: bio02 bio03 bio08 bio09 bio13 bio14 bio15 bio18 bio19
Layertypes: Continuous Continuous Continuous Continuous Continuous Continuous Continuous Continuous Continuous
outputformat: logistic
outputdirectory: BMSB/models/usa/BMSB_PA2_RUN5_MAXENT.Phillips_outputs
projectionlayers: BMSB/models/usa/m_45371148/Predictions/Pred_swd.csv
samplesfile: BMSB/models/usa/m_45371148/Sp_swd.csv
environmentallayers: BMSB/models/usa/m_45371148/Back_swd.csv
warnings: false
tooltips: false
askoverwrite: false
threshold: true
addsamplestobackground: false
autorun: true
visible: false

getSamples: max memory 477626368, total allocated 227540992, free 151373936, used 76167056, increment 0
BMSB_PA2_RUN5: 
Regularization values: linear/quadratic/product: 0.050, categorical: 0.250, threshold: 1.000, hinge: 0.500
6742 samples
Density: max memory 477626368, total allocated 227540992, free 118583568, used 108957424, increment 32790368
linearPredictor: max memory 477626368, total allocated 227540992, free 118583568, used 108957424, increment 0
FeaturedSpace: max memory 477626368, total allocated 227540992, free 118583568, used 108957424, increment 0
Sequential: max memory 477626368, total allocated 227540992, free 118583568, used 108957424, increment 0
Initial loss: 8.978156076009824
Time since start: 11.9
500: time = 10.902000 loss = 5.321987
Resulting gain: 3.656169027945854
Time since start: 13.728
Projecting...
Writing file BMSB/models/usa/BMSB_PA2_RUN5_MAXENT.Phillips_outputs/BMSB_PA2_RUN5.csv
Projecting...
Reading file Pred_swd.csv
readGrid: max memory 477626368, total allocated 133693440, free 84189184, used 49504256, increment -59453168
Writing file BMSB/models/usa/BMSB_PA2_RUN5_MAXENT.Phillips_outputs/BMSB_PA2_RUN5_Pred_swd.csv
Writing file BMSB/models/usa/BMSB_PA2_RUN5_MAXENT.Phillips_outputs/BMSB_PA2_RUN5_Pred_swd_clamping.csv
Time since start: 15.051
Ending
