Wed Jun 23 11:38:51 BST 2021
MaxEnt version 3.4.4
Reading file Back_swd.csv
readGrid: max memory 477626368, total allocated 128974848, free 101219272, used 27755576, increment 27755576
Reading samples from Sp_swd.csv
Read samples: max memory 477626368, total allocated 163053568, free 118695136, used 44358432, increment 16602856
Making features
makeFeatures: max memory 477626368, total allocated 163053568, free 154148864, used 8904704, increment -35453728
Command line used:  environmentallayers=BMSB/models/europe_model/m_50320575/Back_swd.csv samplesfile=BMSB/models/europe_model/m_50320575/Sp_swd.csv projectionlayers=BMSB/models/europe_model/m_50320575/Predictions/Pred_swd.csv outputdirectory=BMSB/models/europe_model/BMSB_PA1_RUN2_MAXENT.Phillips_outputs outputformat=logistic redoifexists visible=FALSE linear=TRUE quadratic=TRUE product=TRUE threshold=TRUE hinge=TRUE lq2lqptthreshold=80 l2lqthreshold=10 hingethreshold=15 beta_threshold=-1 beta_categorical=-1 beta_lqp=-1 beta_hinge=-1 betamultiplier=1 defaultprevalence=0.5 autorun nowarnings notooltips noaddsamplestobackground
Command line to repeat: java density.MaxEnt nowarnings noprefixes outputformat=logistic outputdirectory=BMSB/models/europe_model/BMSB_PA1_RUN2_MAXENT.Phillips_outputs projectionlayers=BMSB/models/europe_model/m_50320575/Predictions/Pred_swd.csv samplesfile=BMSB/models/europe_model/m_50320575/Sp_swd.csv environmentallayers=BMSB/models/europe_model/m_50320575/Back_swd.csv nowarnings notooltips noaskoverwrite threshold noaddsamplestobackground autorun novisible
Species: BMSB_PA1_RUN2
Layers: bio02 bio03 bio08 bio09 bio13 bio14 bio15 bio18 bio19
Layertypes: Continuous Continuous Continuous Continuous Continuous Continuous Continuous Continuous Continuous
outputformat: logistic
outputdirectory: BMSB/models/europe_model/BMSB_PA1_RUN2_MAXENT.Phillips_outputs
projectionlayers: BMSB/models/europe_model/m_50320575/Predictions/Pred_swd.csv
samplesfile: BMSB/models/europe_model/m_50320575/Sp_swd.csv
environmentallayers: BMSB/models/europe_model/m_50320575/Back_swd.csv
warnings: false
tooltips: false
askoverwrite: false
threshold: true
addsamplestobackground: false
autorun: true
visible: false

getSamples: max memory 477626368, total allocated 163053568, free 154148864, used 8904704, increment 0
BMSB_PA1_RUN2: 
Regularization values: linear/quadratic/product: 0.050, categorical: 0.250, threshold: 1.000, hinge: 0.500
2147 samples
Density: max memory 477626368, total allocated 163053568, free 122561936, used 40491632, increment 31586928
linearPredictor: max memory 477626368, total allocated 163053568, free 122561936, used 40491632, increment 0
FeaturedSpace: max memory 477626368, total allocated 163053568, free 122561936, used 40491632, increment 0
Sequential: max memory 477626368, total allocated 163053568, free 122561936, used 40491632, increment 0
Initial loss: 8.987071812848821
Time since start: 13.958
500: time = 13.265000 loss = 0.153064
Resulting gain: 8.834008219461213
Time since start: 15.459
Projecting...
Writing file BMSB/models/europe_model/BMSB_PA1_RUN2_MAXENT.Phillips_outputs/BMSB_PA1_RUN2.csv
Projecting...
Reading file Pred_swd.csv
readGrid: max memory 477626368, total allocated 158334976, free 117069096, used 41265880, increment 774248
Writing file BMSB/models/europe_model/BMSB_PA1_RUN2_MAXENT.Phillips_outputs/BMSB_PA1_RUN2_Pred_swd.csv
Writing file BMSB/models/europe_model/BMSB_PA1_RUN2_MAXENT.Phillips_outputs/BMSB_PA1_RUN2_Pred_swd_clamping.csv
Ending
