Thu Jun 24 12:20:06 BST 2021
MaxEnt version 3.4.4
Reading file Back_swd.csv
readGrid: max memory 477626368, total allocated 128974848, free 103049048, used 25925800, increment 25925800
Reading samples from Sp_swd.csv
Read samples: max memory 477626368, total allocated 128974848, free 102820184, used 26154664, increment 228864
Making features
makeFeatures: max memory 477626368, total allocated 163053568, free 156474424, used 6579144, increment -19575520
Command line used:  environmentallayers=BMSB/models/native_model/m_05400726/Back_swd.csv samplesfile=BMSB/models/native_model/m_05400726/Sp_swd.csv projectionlayers=BMSB/models/native_model/m_05400726/Predictions/Pred_swd.csv outputdirectory=BMSB/models/native_model/BMSB_PA1_RUN4_MAXENT.Phillips_outputs outputformat=logistic redoifexists visible=FALSE linear=TRUE quadratic=TRUE product=TRUE threshold=TRUE hinge=TRUE lq2lqptthreshold=80 l2lqthreshold=10 hingethreshold=15 beta_threshold=-1 beta_categorical=-1 beta_lqp=-1 beta_hinge=-1 betamultiplier=1 defaultprevalence=0.5 autorun nowarnings notooltips noaddsamplestobackground
Command line to repeat: java density.MaxEnt nowarnings noprefixes outputformat=logistic outputdirectory=BMSB/models/native_model/BMSB_PA1_RUN4_MAXENT.Phillips_outputs projectionlayers=BMSB/models/native_model/m_05400726/Predictions/Pred_swd.csv samplesfile=BMSB/models/native_model/m_05400726/Sp_swd.csv environmentallayers=BMSB/models/native_model/m_05400726/Back_swd.csv nowarnings notooltips noaskoverwrite threshold noaddsamplestobackground autorun novisible
Species: BMSB_PA1_RUN4
Layers: bio02 bio03 bio08 bio09 bio13 bio14 bio15 bio18 bio19
Layertypes: Continuous Continuous Continuous Continuous Continuous Continuous Continuous Continuous Continuous
outputformat: logistic
outputdirectory: BMSB/models/native_model/BMSB_PA1_RUN4_MAXENT.Phillips_outputs
projectionlayers: BMSB/models/native_model/m_05400726/Predictions/Pred_swd.csv
samplesfile: BMSB/models/native_model/m_05400726/Sp_swd.csv
environmentallayers: BMSB/models/native_model/m_05400726/Back_swd.csv
warnings: false
tooltips: false
askoverwrite: false
threshold: true
addsamplestobackground: false
autorun: true
visible: false

getSamples: max memory 477626368, total allocated 163053568, free 155130464, used 7923104, increment 1343960
BMSB_PA1_RUN4: 
Regularization values: linear/quadratic/product: 0.050, categorical: 0.250, threshold: 1.000, hinge: 0.500
547 samples
Density: max memory 477626368, total allocated 163053568, free 128156848, used 34896720, increment 26973616
linearPredictor: max memory 477626368, total allocated 163053568, free 128156848, used 34896720, increment 0
FeaturedSpace: max memory 477626368, total allocated 163053568, free 128156848, used 34896720, increment 0
Sequential: max memory 477626368, total allocated 163053568, free 128156848, used 34896720, increment 0
Initial loss: 8.986946789406764
Time since start: 13.026
500: time = 12.538000 loss = 1.128249
Resulting gain: 7.858698138010853
Time since start: 14.553
Projecting...
Writing file BMSB/models/native_model/BMSB_PA1_RUN4_MAXENT.Phillips_outputs/BMSB_PA1_RUN4.csv
Projecting...
Reading file Pred_swd.csv
readGrid: max memory 477626368, total allocated 129499136, free 103595440, used 25903696, increment -8993024
Writing file BMSB/models/native_model/BMSB_PA1_RUN4_MAXENT.Phillips_outputs/BMSB_PA1_RUN4_Pred_swd.csv
Writing file BMSB/models/native_model/BMSB_PA1_RUN4_MAXENT.Phillips_outputs/BMSB_PA1_RUN4_Pred_swd_clamping.csv
Time since start: 15.564
Ending
