Wed Jun 23 12:41:16 BST 2021
MaxEnt version 3.4.4
Reading file Back_swd.csv
readGrid: max memory 477626368, total allocated 128974848, free 94864808, used 34110040, increment 34110040
Reading samples from Sp_swd.csv
Read samples: max memory 477626368, total allocated 163053568, free 116018592, used 47034976, increment 12924936
Making features
makeFeatures: max memory 477626368, total allocated 163053568, free 147433824, used 15619744, increment -31415232
Command line used:  environmentallayers=BMSB/models/europe_model/m_15260380/Back_swd.csv samplesfile=BMSB/models/europe_model/m_15260380/Sp_swd.csv projectionlayers=BMSB/models/europe_model/m_15260380/Predictions/Pred_swd.csv outputdirectory=BMSB/models/europe_model/BMSB_PA2_RUN5_MAXENT.Phillips_outputs outputformat=logistic redoifexists visible=FALSE linear=TRUE quadratic=TRUE product=TRUE threshold=TRUE hinge=TRUE lq2lqptthreshold=80 l2lqthreshold=10 hingethreshold=15 beta_threshold=-1 beta_categorical=-1 beta_lqp=-1 beta_hinge=-1 betamultiplier=1 defaultprevalence=0.5 autorun nowarnings notooltips noaddsamplestobackground
Command line to repeat: java density.MaxEnt nowarnings noprefixes outputformat=logistic outputdirectory=BMSB/models/europe_model/BMSB_PA2_RUN5_MAXENT.Phillips_outputs projectionlayers=BMSB/models/europe_model/m_15260380/Predictions/Pred_swd.csv samplesfile=BMSB/models/europe_model/m_15260380/Sp_swd.csv environmentallayers=BMSB/models/europe_model/m_15260380/Back_swd.csv nowarnings notooltips noaskoverwrite threshold noaddsamplestobackground autorun novisible
Species: BMSB_PA2_RUN5
Layers: bio02 bio03 bio08 bio09 bio13 bio14 bio15 bio18 bio19
Layertypes: Continuous Continuous Continuous Continuous Continuous Continuous Continuous Continuous Continuous
outputformat: logistic
outputdirectory: BMSB/models/europe_model/BMSB_PA2_RUN5_MAXENT.Phillips_outputs
projectionlayers: BMSB/models/europe_model/m_15260380/Predictions/Pred_swd.csv
samplesfile: BMSB/models/europe_model/m_15260380/Sp_swd.csv
environmentallayers: BMSB/models/europe_model/m_15260380/Back_swd.csv
warnings: false
tooltips: false
askoverwrite: false
threshold: true
addsamplestobackground: false
autorun: true
visible: false

getSamples: max memory 477626368, total allocated 163053568, free 147433824, used 15619744, increment 0
BMSB_PA2_RUN5: 
Regularization values: linear/quadratic/product: 0.050, categorical: 0.250, threshold: 1.000, hinge: 0.500
2400 samples
Density: max memory 477626368, total allocated 163053568, free 118044600, used 45008968, increment 29389224
linearPredictor: max memory 477626368, total allocated 163053568, free 118044600, used 45008968, increment 0
FeaturedSpace: max memory 477626368, total allocated 163053568, free 118044600, used 45008968, increment 0
Sequential: max memory 477626368, total allocated 163053568, free 116684936, used 46368632, increment 1359664
Initial loss: 8.983690681332686
Time since start: 13.826
500: time = 13.077000 loss = -3.484678
Resulting gain: 12.468369132200309
Time since start: 15.486
Projecting...
Writing file BMSB/models/europe_model/BMSB_PA2_RUN5_MAXENT.Phillips_outputs/BMSB_PA2_RUN5.csv
Projecting...
Reading file Pred_swd.csv
readGrid: max memory 477626368, total allocated 142082048, free 90700928, used 51381120, increment 5012488
Writing file BMSB/models/europe_model/BMSB_PA2_RUN5_MAXENT.Phillips_outputs/BMSB_PA2_RUN5_Pred_swd.csv
Writing file BMSB/models/europe_model/BMSB_PA2_RUN5_MAXENT.Phillips_outputs/BMSB_PA2_RUN5_Pred_swd_clamping.csv
Ending
