Thu Jun 24 12:35:22 BST 2021
MaxEnt version 3.4.4
Reading file Back_swd.csv
readGrid: max memory 477626368, total allocated 128974848, free 101692272, used 27282576, increment 27282576
Reading samples from Sp_swd.csv
Read samples: max memory 477626368, total allocated 128974848, free 96123144, used 32851704, increment 5569128
Making features
makeFeatures: max memory 477626368, total allocated 163053568, free 151264344, used 11789224, increment -21062480
Command line used:  environmentallayers=BMSB/models/native_model/m_21887728/Back_swd.csv samplesfile=BMSB/models/native_model/m_21887728/Sp_swd.csv projectionlayers=BMSB/models/native_model/m_21887728/Predictions/Pred_swd.csv outputdirectory=BMSB/models/native_model/BMSB_PA2_RUN1_MAXENT.Phillips_outputs outputformat=logistic redoifexists visible=FALSE linear=TRUE quadratic=TRUE product=TRUE threshold=TRUE hinge=TRUE lq2lqptthreshold=80 l2lqthreshold=10 hingethreshold=15 beta_threshold=-1 beta_categorical=-1 beta_lqp=-1 beta_hinge=-1 betamultiplier=1 defaultprevalence=0.5 autorun nowarnings notooltips noaddsamplestobackground
Command line to repeat: java density.MaxEnt nowarnings noprefixes outputformat=logistic outputdirectory=BMSB/models/native_model/BMSB_PA2_RUN1_MAXENT.Phillips_outputs projectionlayers=BMSB/models/native_model/m_21887728/Predictions/Pred_swd.csv samplesfile=BMSB/models/native_model/m_21887728/Sp_swd.csv environmentallayers=BMSB/models/native_model/m_21887728/Back_swd.csv nowarnings notooltips noaskoverwrite threshold noaddsamplestobackground autorun novisible
Species: BMSB_PA2_RUN1
Layers: bio02 bio03 bio08 bio09 bio13 bio14 bio15 bio18 bio19
Layertypes: Continuous Continuous Continuous Continuous Continuous Continuous Continuous Continuous Continuous
outputformat: logistic
outputdirectory: BMSB/models/native_model/BMSB_PA2_RUN1_MAXENT.Phillips_outputs
projectionlayers: BMSB/models/native_model/m_21887728/Predictions/Pred_swd.csv
samplesfile: BMSB/models/native_model/m_21887728/Sp_swd.csv
environmentallayers: BMSB/models/native_model/m_21887728/Back_swd.csv
warnings: false
tooltips: false
askoverwrite: false
threshold: true
addsamplestobackground: false
autorun: true
visible: false

getSamples: max memory 477626368, total allocated 163053568, free 149908904, used 13144664, increment 1355440
BMSB_PA2_RUN1: 
Regularization values: linear/quadratic/product: 0.050, categorical: 0.250, threshold: 1.000, hinge: 0.500
621 samples
Density: max memory 477626368, total allocated 163053568, free 122946200, used 40107368, increment 26962704
linearPredictor: max memory 477626368, total allocated 163053568, free 122946200, used 40107368, increment 0
FeaturedSpace: max memory 477626368, total allocated 163053568, free 122946200, used 40107368, increment 0
Sequential: max memory 477626368, total allocated 163053568, free 122946200, used 40107368, increment 0
Initial loss: 8.97537724385663
Time since start: 13.093
500: time = 12.591000 loss = 0.655883
Resulting gain: 8.319493813302232
Time since start: 14.84
Projecting...
Writing file BMSB/models/native_model/BMSB_PA2_RUN1_MAXENT.Phillips_outputs/BMSB_PA2_RUN1.csv
Projecting...
Reading file Pred_swd.csv
readGrid: max memory 477626368, total allocated 180355072, free 122208224, used 58146848, increment 18039480
Writing file BMSB/models/native_model/BMSB_PA2_RUN1_MAXENT.Phillips_outputs/BMSB_PA2_RUN1_Pred_swd.csv
Writing file BMSB/models/native_model/BMSB_PA2_RUN1_MAXENT.Phillips_outputs/BMSB_PA2_RUN1_Pred_swd_clamping.csv
Ending
