Thu Jun 24 12:14:06 BST 2021
MaxEnt version 3.4.4
Reading file Back_swd.csv
readGrid: max memory 477626368, total allocated 128974848, free 104409848, used 24565000, increment 24565000
Reading samples from Sp_swd.csv
Read samples: max memory 477626368, total allocated 128974848, free 103343152, used 25631696, increment 1066696
Making features
makeFeatures: max memory 477626368, total allocated 128974848, free 92947000, used 36027848, increment 10396152
Command line used:  environmentallayers=BMSB/models/native_model/m_05252851/Back_swd.csv samplesfile=BMSB/models/native_model/m_05252851/Sp_swd.csv projectionlayers=BMSB/models/native_model/m_05252851/Predictions/Pred_swd.csv outputdirectory=BMSB/models/native_model/BMSB_PA1_RUN3_MAXENT.Phillips_outputs outputformat=logistic redoifexists visible=FALSE linear=TRUE quadratic=TRUE product=TRUE threshold=TRUE hinge=TRUE lq2lqptthreshold=80 l2lqthreshold=10 hingethreshold=15 beta_threshold=-1 beta_categorical=-1 beta_lqp=-1 beta_hinge=-1 betamultiplier=1 defaultprevalence=0.5 autorun nowarnings notooltips noaddsamplestobackground
Command line to repeat: java density.MaxEnt nowarnings noprefixes outputformat=logistic outputdirectory=BMSB/models/native_model/BMSB_PA1_RUN3_MAXENT.Phillips_outputs projectionlayers=BMSB/models/native_model/m_05252851/Predictions/Pred_swd.csv samplesfile=BMSB/models/native_model/m_05252851/Sp_swd.csv environmentallayers=BMSB/models/native_model/m_05252851/Back_swd.csv nowarnings notooltips noaskoverwrite threshold noaddsamplestobackground autorun novisible
Species: BMSB_PA1_RUN3
Layers: bio02 bio03 bio08 bio09 bio13 bio14 bio15 bio18 bio19
Layertypes: Continuous Continuous Continuous Continuous Continuous Continuous Continuous Continuous Continuous
outputformat: logistic
outputdirectory: BMSB/models/native_model/BMSB_PA1_RUN3_MAXENT.Phillips_outputs
projectionlayers: BMSB/models/native_model/m_05252851/Predictions/Pred_swd.csv
samplesfile: BMSB/models/native_model/m_05252851/Sp_swd.csv
environmentallayers: BMSB/models/native_model/m_05252851/Back_swd.csv
warnings: false
tooltips: false
askoverwrite: false
threshold: true
addsamplestobackground: false
autorun: true
visible: false

getSamples: max memory 477626368, total allocated 128974848, free 92773504, used 36201344, increment 173496
BMSB_PA1_RUN3: 
Regularization values: linear/quadratic/product: 0.050, categorical: 0.250, threshold: 1.000, hinge: 0.500
506 samples
Density: max memory 477626368, total allocated 163053568, free 128491688, used 34561880, increment -1639464
linearPredictor: max memory 477626368, total allocated 163053568, free 128491688, used 34561880, increment 0
FeaturedSpace: max memory 477626368, total allocated 163053568, free 128491688, used 34561880, increment 0
Sequential: max memory 477626368, total allocated 163053568, free 128491688, used 34561880, increment 0
Initial loss: 8.993799971795545
Time since start: 13.049
500: time = 12.535000 loss = -1.910698
Resulting gain: 10.904498159627071
Time since start: 14.586
Projecting...
Writing file BMSB/models/native_model/BMSB_PA1_RUN3_MAXENT.Phillips_outputs/BMSB_PA1_RUN3.csv
Projecting...
Reading file Pred_swd.csv
readGrid: max memory 477626368, total allocated 147324928, free 73796592, used 73528336, increment 38966456
Writing file BMSB/models/native_model/BMSB_PA1_RUN3_MAXENT.Phillips_outputs/BMSB_PA1_RUN3_Pred_swd.csv
Writing file BMSB/models/native_model/BMSB_PA1_RUN3_MAXENT.Phillips_outputs/BMSB_PA1_RUN3_Pred_swd_clamping.csv
Ending
