Thu Jun 24 13:08:43 BST 2021
MaxEnt version 3.4.4
Reading file Back_swd.csv
readGrid: max memory 477626368, total allocated 128974848, free 105091568, used 23883280, increment 23883280
Reading samples from Sp_swd.csv
Read samples: max memory 477626368, total allocated 128974848, free 104193896, used 24780952, increment 897672
Making features
makeFeatures: max memory 477626368, total allocated 128974848, free 93939688, used 35035160, increment 10254208
Command line used:  environmentallayers=BMSB/models/native_model/m_42119193/Back_swd.csv samplesfile=BMSB/models/native_model/m_42119193/Sp_swd.csv projectionlayers=BMSB/models/native_model/m_42119193/Predictions/Pred_swd.csv outputdirectory=BMSB/models/native_model/BMSB_PA2_RUN5_MAXENT.Phillips_outputs outputformat=logistic redoifexists visible=FALSE linear=TRUE quadratic=TRUE product=TRUE threshold=TRUE hinge=TRUE lq2lqptthreshold=80 l2lqthreshold=10 hingethreshold=15 beta_threshold=-1 beta_categorical=-1 beta_lqp=-1 beta_hinge=-1 betamultiplier=1 defaultprevalence=0.5 autorun nowarnings notooltips noaddsamplestobackground
Command line to repeat: java density.MaxEnt nowarnings noprefixes outputformat=logistic outputdirectory=BMSB/models/native_model/BMSB_PA2_RUN5_MAXENT.Phillips_outputs projectionlayers=BMSB/models/native_model/m_42119193/Predictions/Pred_swd.csv samplesfile=BMSB/models/native_model/m_42119193/Sp_swd.csv environmentallayers=BMSB/models/native_model/m_42119193/Back_swd.csv nowarnings notooltips noaskoverwrite threshold noaddsamplestobackground autorun novisible
Species: BMSB_PA2_RUN5
Layers: bio02 bio03 bio08 bio09 bio13 bio14 bio15 bio18 bio19
Layertypes: Continuous Continuous Continuous Continuous Continuous Continuous Continuous Continuous Continuous
outputformat: logistic
outputdirectory: BMSB/models/native_model/BMSB_PA2_RUN5_MAXENT.Phillips_outputs
projectionlayers: BMSB/models/native_model/m_42119193/Predictions/Pred_swd.csv
samplesfile: BMSB/models/native_model/m_42119193/Sp_swd.csv
environmentallayers: BMSB/models/native_model/m_42119193/Back_swd.csv
warnings: false
tooltips: false
askoverwrite: false
threshold: true
addsamplestobackground: false
autorun: true
visible: false

getSamples: max memory 477626368, total allocated 128974848, free 93260400, used 35714448, increment 679288
BMSB_PA2_RUN5: 
Regularization values: linear/quadratic/product: 0.050, categorical: 0.250, threshold: 1.000, hinge: 0.500
475 samples
Density: max memory 477626368, total allocated 163053568, free 128619888, used 34433680, increment -1280768
linearPredictor: max memory 477626368, total allocated 163053568, free 128619888, used 34433680, increment 0
FeaturedSpace: max memory 477626368, total allocated 163053568, free 128619888, used 34433680, increment 0
Sequential: max memory 477626368, total allocated 163053568, free 128619888, used 34433680, increment 0
Initial loss: 8.98669669562029
Time since start: 12.846
500: time = 12.345000 loss = -0.473950
Resulting gain: 9.4606467039788
Time since start: 14.334
Projecting...
Writing file BMSB/models/native_model/BMSB_PA2_RUN5_MAXENT.Phillips_outputs/BMSB_PA2_RUN5.csv
Projecting...
Reading file Pred_swd.csv
readGrid: max memory 477626368, total allocated 143130624, free 91925112, used 51205512, increment 16771832
Writing file BMSB/models/native_model/BMSB_PA2_RUN5_MAXENT.Phillips_outputs/BMSB_PA2_RUN5_Pred_swd.csv
Writing file BMSB/models/native_model/BMSB_PA2_RUN5_MAXENT.Phillips_outputs/BMSB_PA2_RUN5_Pred_swd_clamping.csv
Ending
