Thu Jun 24 12:01:54 BST 2021
MaxEnt version 3.4.4
Reading file Back_swd.csv
readGrid: max memory 477626368, total allocated 128974848, free 101692096, used 27282752, increment 27282752
Reading samples from Sp_swd.csv
Read samples: max memory 477626368, total allocated 128974848, free 100041592, used 28933256, increment 1650504
Making features
makeFeatures: max memory 477626368, total allocated 163053568, free 154445384, used 8608184, increment -20325072
Command line used:  environmentallayers=BMSB/models/native_model/m_52225943/Back_swd.csv samplesfile=BMSB/models/native_model/m_52225943/Sp_swd.csv projectionlayers=BMSB/models/native_model/m_52225943/Predictions/Pred_swd.csv outputdirectory=BMSB/models/native_model/BMSB_PA1_RUN1_MAXENT.Phillips_outputs outputformat=logistic redoifexists visible=FALSE linear=TRUE quadratic=TRUE product=TRUE threshold=TRUE hinge=TRUE lq2lqptthreshold=80 l2lqthreshold=10 hingethreshold=15 beta_threshold=-1 beta_categorical=-1 beta_lqp=-1 beta_hinge=-1 betamultiplier=1 defaultprevalence=0.5 autorun nowarnings notooltips noaddsamplestobackground
Command line to repeat: java density.MaxEnt nowarnings noprefixes outputformat=logistic outputdirectory=BMSB/models/native_model/BMSB_PA1_RUN1_MAXENT.Phillips_outputs projectionlayers=BMSB/models/native_model/m_52225943/Predictions/Pred_swd.csv samplesfile=BMSB/models/native_model/m_52225943/Sp_swd.csv environmentallayers=BMSB/models/native_model/m_52225943/Back_swd.csv nowarnings notooltips noaskoverwrite threshold noaddsamplestobackground autorun novisible
Species: BMSB_PA1_RUN1
Layers: bio02 bio03 bio08 bio09 bio13 bio14 bio15 bio18 bio19
Layertypes: Continuous Continuous Continuous Continuous Continuous Continuous Continuous Continuous Continuous
outputformat: logistic
outputdirectory: BMSB/models/native_model/BMSB_PA1_RUN1_MAXENT.Phillips_outputs
projectionlayers: BMSB/models/native_model/m_52225943/Predictions/Pred_swd.csv
samplesfile: BMSB/models/native_model/m_52225943/Sp_swd.csv
environmentallayers: BMSB/models/native_model/m_52225943/Back_swd.csv
warnings: false
tooltips: false
askoverwrite: false
threshold: true
addsamplestobackground: false
autorun: true
visible: false

getSamples: max memory 477626368, total allocated 163053568, free 154445384, used 8608184, increment 0
BMSB_PA1_RUN1: 
Regularization values: linear/quadratic/product: 0.050, categorical: 0.250, threshold: 1.000, hinge: 0.500
621 samples
Density: max memory 477626368, total allocated 163053568, free 127588456, used 35465112, increment 26856928
linearPredictor: max memory 477626368, total allocated 163053568, free 127588456, used 35465112, increment 0
FeaturedSpace: max memory 477626368, total allocated 163053568, free 127588456, used 35465112, increment 0
Sequential: max memory 477626368, total allocated 163053568, free 127588456, used 35465112, increment 0
Initial loss: 8.970686268534983
Time since start: 12.867
500: time = 12.377000 loss = 0.545675
Resulting gain: 8.425010956559403
Time since start: 15.225
Projecting...
Writing file BMSB/models/native_model/BMSB_PA1_RUN1_MAXENT.Phillips_outputs/BMSB_PA1_RUN1.csv
Projecting...
Reading file Pred_swd.csv
readGrid: max memory 477626368, total allocated 228589568, free 74637640, used 153951928, increment 118486816
Writing file BMSB/models/native_model/BMSB_PA1_RUN1_MAXENT.Phillips_outputs/BMSB_PA1_RUN1_Pred_swd.csv
Writing file BMSB/models/native_model/BMSB_PA1_RUN1_MAXENT.Phillips_outputs/BMSB_PA1_RUN1_Pred_swd_clamping.csv
Ending
