Wed Jun 23 11:31:19 BST 2021
MaxEnt version 3.4.4
Reading file Back_swd.csv
readGrid: max memory 477626368, total allocated 128974848, free 96492592, used 32482256, increment 32482256
Reading samples from Sp_swd.csv
Read samples: max memory 477626368, total allocated 163053568, free 117430016, used 45623552, increment 13141296
Making features
makeFeatures: max memory 477626368, total allocated 163053568, free 149159416, used 13894152, increment -31729400
Command line used:  environmentallayers=BMSB/models/europe_model/m_17897530/Back_swd.csv samplesfile=BMSB/models/europe_model/m_17897530/Sp_swd.csv projectionlayers=BMSB/models/europe_model/m_17897530/Predictions/Pred_swd.csv outputdirectory=BMSB/models/europe_model/BMSB_PA1_RUN1_MAXENT.Phillips_outputs outputformat=logistic redoifexists visible=FALSE linear=TRUE quadratic=TRUE product=TRUE threshold=TRUE hinge=TRUE lq2lqptthreshold=80 l2lqthreshold=10 hingethreshold=15 beta_threshold=-1 beta_categorical=-1 beta_lqp=-1 beta_hinge=-1 betamultiplier=1 defaultprevalence=0.5 autorun nowarnings notooltips noaddsamplestobackground
Command line to repeat: java density.MaxEnt nowarnings noprefixes outputformat=logistic outputdirectory=BMSB/models/europe_model/BMSB_PA1_RUN1_MAXENT.Phillips_outputs projectionlayers=BMSB/models/europe_model/m_17897530/Predictions/Pred_swd.csv samplesfile=BMSB/models/europe_model/m_17897530/Sp_swd.csv environmentallayers=BMSB/models/europe_model/m_17897530/Back_swd.csv nowarnings notooltips noaskoverwrite threshold noaddsamplestobackground autorun novisible
Species: BMSB_PA1_RUN1
Layers: bio02 bio03 bio08 bio09 bio13 bio14 bio15 bio18 bio19
Layertypes: Continuous Continuous Continuous Continuous Continuous Continuous Continuous Continuous Continuous
outputformat: logistic
outputdirectory: BMSB/models/europe_model/BMSB_PA1_RUN1_MAXENT.Phillips_outputs
projectionlayers: BMSB/models/europe_model/m_17897530/Predictions/Pred_swd.csv
samplesfile: BMSB/models/europe_model/m_17897530/Sp_swd.csv
environmentallayers: BMSB/models/europe_model/m_17897530/Back_swd.csv
warnings: false
tooltips: false
askoverwrite: false
threshold: true
addsamplestobackground: false
autorun: true
visible: false

getSamples: max memory 477626368, total allocated 163053568, free 149159416, used 13894152, increment 0
BMSB_PA1_RUN1: 
Regularization values: linear/quadratic/product: 0.050, categorical: 0.250, threshold: 1.000, hinge: 0.500
2319 samples
Density: max memory 477626368, total allocated 163053568, free 116774648, used 46278920, increment 32384768
linearPredictor: max memory 477626368, total allocated 163053568, free 116774648, used 46278920, increment 0
FeaturedSpace: max memory 477626368, total allocated 163053568, free 116774648, used 46278920, increment 0
Sequential: max memory 477626368, total allocated 163053568, free 116774648, used 46278920, increment 0
Initial loss: 8.991313336173812
Time since start: 11.948
500: time = 11.347000 loss = -1.983826
Resulting gain: 10.975139498715498
Time since start: 14.775
Projecting...
Writing file BMSB/models/europe_model/BMSB_PA1_RUN1_MAXENT.Phillips_outputs/BMSB_PA1_RUN1.csv
Projecting...
Reading file Pred_swd.csv
readGrid: max memory 477626368, total allocated 219676672, free 157687848, used 61988824, increment 15709904
Writing file BMSB/models/europe_model/BMSB_PA1_RUN1_MAXENT.Phillips_outputs/BMSB_PA1_RUN1_Pred_swd.csv
Writing file BMSB/models/europe_model/BMSB_PA1_RUN1_MAXENT.Phillips_outputs/BMSB_PA1_RUN1_Pred_swd_clamping.csv
Ending
