Wed Jun 23 11:55:01 BST 2021
MaxEnt version 3.4.4
Reading file Back_swd.csv
readGrid: max memory 477626368, total allocated 128974848, free 99158456, used 29816392, increment 29816392
Reading samples from Sp_swd.csv
Read samples: max memory 477626368, total allocated 163053568, free 122722392, used 40331176, increment 10514784
Making features
makeFeatures: max memory 477626368, total allocated 163053568, free 154229152, used 8824416, increment -31506760
Command line used:  environmentallayers=BMSB/models/europe_model/m_00639594/Back_swd.csv samplesfile=BMSB/models/europe_model/m_00639594/Sp_swd.csv projectionlayers=BMSB/models/europe_model/m_00639594/Predictions/Pred_swd.csv outputdirectory=BMSB/models/europe_model/BMSB_PA1_RUN4_MAXENT.Phillips_outputs outputformat=logistic redoifexists visible=FALSE linear=TRUE quadratic=TRUE product=TRUE threshold=TRUE hinge=TRUE lq2lqptthreshold=80 l2lqthreshold=10 hingethreshold=15 beta_threshold=-1 beta_categorical=-1 beta_lqp=-1 beta_hinge=-1 betamultiplier=1 defaultprevalence=0.5 autorun nowarnings notooltips noaddsamplestobackground
Command line to repeat: java density.MaxEnt nowarnings noprefixes outputformat=logistic outputdirectory=BMSB/models/europe_model/BMSB_PA1_RUN4_MAXENT.Phillips_outputs projectionlayers=BMSB/models/europe_model/m_00639594/Predictions/Pred_swd.csv samplesfile=BMSB/models/europe_model/m_00639594/Sp_swd.csv environmentallayers=BMSB/models/europe_model/m_00639594/Back_swd.csv nowarnings notooltips noaskoverwrite threshold noaddsamplestobackground autorun novisible
Species: BMSB_PA1_RUN4
Layers: bio02 bio03 bio08 bio09 bio13 bio14 bio15 bio18 bio19
Layertypes: Continuous Continuous Continuous Continuous Continuous Continuous Continuous Continuous Continuous
outputformat: logistic
outputdirectory: BMSB/models/europe_model/BMSB_PA1_RUN4_MAXENT.Phillips_outputs
projectionlayers: BMSB/models/europe_model/m_00639594/Predictions/Pred_swd.csv
samplesfile: BMSB/models/europe_model/m_00639594/Sp_swd.csv
environmentallayers: BMSB/models/europe_model/m_00639594/Back_swd.csv
warnings: false
tooltips: false
askoverwrite: false
threshold: true
addsamplestobackground: false
autorun: true
visible: false

getSamples: max memory 477626368, total allocated 163053568, free 154229152, used 8824416, increment 0
BMSB_PA1_RUN4: 
Regularization values: linear/quadratic/product: 0.050, categorical: 0.250, threshold: 1.000, hinge: 0.500
2218 samples
Density: max memory 477626368, total allocated 163053568, free 122001968, used 41051600, increment 32227184
linearPredictor: max memory 477626368, total allocated 163053568, free 122001968, used 41051600, increment 0
FeaturedSpace: max memory 477626368, total allocated 163053568, free 122001968, used 41051600, increment 0
Sequential: max memory 477626368, total allocated 163053568, free 122001968, used 41051600, increment 0
Initial loss: 8.989569004807029
Time since start: 13.384
500: time = 12.781000 loss = -4.487718
Resulting gain: 13.477286602597964
Time since start: 14.942
Projecting...
Writing file BMSB/models/europe_model/BMSB_PA1_RUN4_MAXENT.Phillips_outputs/BMSB_PA1_RUN4.csv
Projecting...
Reading file Pred_swd.csv
readGrid: max memory 477626368, total allocated 139984896, free 104981272, used 35003624, increment -6047976
Writing file BMSB/models/europe_model/BMSB_PA1_RUN4_MAXENT.Phillips_outputs/BMSB_PA1_RUN4_Pred_swd.csv
Writing file BMSB/models/europe_model/BMSB_PA1_RUN4_MAXENT.Phillips_outputs/BMSB_PA1_RUN4_Pred_swd_clamping.csv
Ending
