Wed Jul 07 12:21:05 BST 2021
MaxEnt version 3.4.4
Reading file Back_swd.csv
readGrid: max memory 477626368, total allocated 163053568, free 137086424, used 25967144, increment 25967144
Reading samples from Sp_swd.csv
Read samples: max memory 477626368, total allocated 163053568, free 93265872, used 69787696, increment 43820552
Making features
makeFeatures: max memory 477626368, total allocated 226492416, free 99194488, used 127297928, increment 57510232
Command line used:  environmentallayers=BMSB/models/invaded_model/m_04293519/Back_swd.csv samplesfile=BMSB/models/invaded_model/m_04293519/Sp_swd.csv projectionlayers=BMSB/models/invaded_model/m_04293519/Predictions/Pred_swd.csv outputdirectory=BMSB/models/invaded_model/BMSB_PA2_RUN2_MAXENT.Phillips_outputs outputformat=logistic redoifexists visible=FALSE linear=TRUE quadratic=TRUE product=TRUE threshold=TRUE hinge=TRUE lq2lqptthreshold=80 l2lqthreshold=10 hingethreshold=15 beta_threshold=-1 beta_categorical=-1 beta_lqp=-1 beta_hinge=-1 betamultiplier=1 defaultprevalence=0.5 autorun nowarnings notooltips noaddsamplestobackground
Command line to repeat: java density.MaxEnt nowarnings noprefixes outputformat=logistic outputdirectory=BMSB/models/invaded_model/BMSB_PA2_RUN2_MAXENT.Phillips_outputs projectionlayers=BMSB/models/invaded_model/m_04293519/Predictions/Pred_swd.csv samplesfile=BMSB/models/invaded_model/m_04293519/Sp_swd.csv environmentallayers=BMSB/models/invaded_model/m_04293519/Back_swd.csv nowarnings notooltips noaskoverwrite threshold noaddsamplestobackground autorun novisible
Species: BMSB_PA2_RUN2
Layers: bio02 bio03 bio08 bio09 bio13 bio14 bio15 bio18 bio19
Layertypes: Continuous Continuous Continuous Continuous Continuous Continuous Continuous Continuous Continuous
outputformat: logistic
outputdirectory: BMSB/models/invaded_model/BMSB_PA2_RUN2_MAXENT.Phillips_outputs
projectionlayers: BMSB/models/invaded_model/m_04293519/Predictions/Pred_swd.csv
samplesfile: BMSB/models/invaded_model/m_04293519/Sp_swd.csv
environmentallayers: BMSB/models/invaded_model/m_04293519/Back_swd.csv
warnings: false
tooltips: false
askoverwrite: false
threshold: true
addsamplestobackground: false
autorun: true
visible: false

getSamples: max memory 477626368, total allocated 226492416, free 99194488, used 127297928, increment 0
BMSB_PA2_RUN2: 
Regularization values: linear/quadratic/product: 0.050, categorical: 0.250, threshold: 1.000, hinge: 0.500
Time since start: 1.009
8852 samples
Density: max memory 477626368, total allocated 227540992, free 171504592, used 56036400, increment -71261528
linearPredictor: max memory 477626368, total allocated 227540992, free 171504592, used 56036400, increment 0
FeaturedSpace: max memory 477626368, total allocated 227540992, free 171504592, used 56036400, increment 0
Sequential: max memory 477626368, total allocated 227540992, free 171504592, used 56036400, increment 0
Initial loss: 8.993551586299981
Time since start: 18.764
500: time = 17.581000 loss = 2.652197
Resulting gain: 6.341354946264886
Time since start: 20.913
Projecting...
Writing file BMSB/models/invaded_model/BMSB_PA2_RUN2_MAXENT.Phillips_outputs/BMSB_PA2_RUN2.csv
Projecting...
Reading file Pred_swd.csv
readGrid: max memory 477626368, total allocated 168296448, free 98782112, used 69514336, increment 13477936
Writing file BMSB/models/invaded_model/BMSB_PA2_RUN2_MAXENT.Phillips_outputs/BMSB_PA2_RUN2_Pred_swd.csv
Writing file BMSB/models/invaded_model/BMSB_PA2_RUN2_MAXENT.Phillips_outputs/BMSB_PA2_RUN2_Pred_swd_clamping.csv
Time since start: 23.126
Ending
