Wed Jun 23 12:25:49 BST 2021
MaxEnt version 3.4.4
Reading file Back_swd.csv
readGrid: max memory 477626368, total allocated 128974848, free 95504288, used 33470560, increment 33470560
Reading samples from Sp_swd.csv
Read samples: max memory 477626368, total allocated 163053568, free 118627584, used 44425984, increment 10955424
Making features
makeFeatures: max memory 477626368, total allocated 163053568, free 150740832, used 12312736, increment -32113248
Command line used:  environmentallayers=BMSB/models/europe_model/m_49032821/Back_swd.csv samplesfile=BMSB/models/europe_model/m_49032821/Sp_swd.csv projectionlayers=BMSB/models/europe_model/m_49032821/Predictions/Pred_swd.csv outputdirectory=BMSB/models/europe_model/BMSB_PA2_RUN3_MAXENT.Phillips_outputs outputformat=logistic redoifexists visible=FALSE linear=TRUE quadratic=TRUE product=TRUE threshold=TRUE hinge=TRUE lq2lqptthreshold=80 l2lqthreshold=10 hingethreshold=15 beta_threshold=-1 beta_categorical=-1 beta_lqp=-1 beta_hinge=-1 betamultiplier=1 defaultprevalence=0.5 autorun nowarnings notooltips noaddsamplestobackground
Command line to repeat: java density.MaxEnt nowarnings noprefixes outputformat=logistic outputdirectory=BMSB/models/europe_model/BMSB_PA2_RUN3_MAXENT.Phillips_outputs projectionlayers=BMSB/models/europe_model/m_49032821/Predictions/Pred_swd.csv samplesfile=BMSB/models/europe_model/m_49032821/Sp_swd.csv environmentallayers=BMSB/models/europe_model/m_49032821/Back_swd.csv nowarnings notooltips noaskoverwrite threshold noaddsamplestobackground autorun novisible
Species: BMSB_PA2_RUN3
Layers: bio02 bio03 bio08 bio09 bio13 bio14 bio15 bio18 bio19
Layertypes: Continuous Continuous Continuous Continuous Continuous Continuous Continuous Continuous Continuous
outputformat: logistic
outputdirectory: BMSB/models/europe_model/BMSB_PA2_RUN3_MAXENT.Phillips_outputs
projectionlayers: BMSB/models/europe_model/m_49032821/Predictions/Pred_swd.csv
samplesfile: BMSB/models/europe_model/m_49032821/Sp_swd.csv
environmentallayers: BMSB/models/europe_model/m_49032821/Back_swd.csv
warnings: false
tooltips: false
askoverwrite: false
threshold: true
addsamplestobackground: false
autorun: true
visible: false

getSamples: max memory 477626368, total allocated 163053568, free 149377928, used 13675640, increment 1362904
BMSB_PA2_RUN3: 
Regularization values: linear/quadratic/product: 0.050, categorical: 0.250, threshold: 1.000, hinge: 0.500
2380 samples
Density: max memory 477626368, total allocated 163053568, free 116399128, used 46654440, increment 32978800
linearPredictor: max memory 477626368, total allocated 163053568, free 116399128, used 46654440, increment 0
FeaturedSpace: max memory 477626368, total allocated 163053568, free 116399128, used 46654440, increment 0
Sequential: max memory 477626368, total allocated 163053568, free 116399128, used 46654440, increment 0
Initial loss: 8.983816112502495
Time since start: 13.456
500: time = 12.759000 loss = -9.751884
Resulting gain: 18.735700205071957
Time since start: 14.976
Projecting...
Writing file BMSB/models/europe_model/BMSB_PA2_RUN3_MAXENT.Phillips_outputs/BMSB_PA2_RUN3.csv
Projecting...
Reading file Pred_swd.csv
readGrid: max memory 477626368, total allocated 137887744, free 73353288, used 64534456, increment 17880016
Writing file BMSB/models/europe_model/BMSB_PA2_RUN3_MAXENT.Phillips_outputs/BMSB_PA2_RUN3_Pred_swd.csv
Writing file BMSB/models/europe_model/BMSB_PA2_RUN3_MAXENT.Phillips_outputs/BMSB_PA2_RUN3_Pred_swd_clamping.csv
Ending
