Wed Jun 23 12:18:17 BST 2021
MaxEnt version 3.4.4
Reading file Back_swd.csv
readGrid: max memory 477626368, total allocated 128974848, free 101190240, used 27784608, increment 27784608
Reading samples from Sp_swd.csv
Read samples: max memory 477626368, total allocated 163053568, free 125540176, used 37513392, increment 9728784
Making features
makeFeatures: max memory 477626368, total allocated 163053568, free 92945552, used 70108016, increment 32594624
Command line used:  environmentallayers=BMSB/models/europe_model/m_17086400/Back_swd.csv samplesfile=BMSB/models/europe_model/m_17086400/Sp_swd.csv projectionlayers=BMSB/models/europe_model/m_17086400/Predictions/Pred_swd.csv outputdirectory=BMSB/models/europe_model/BMSB_PA2_RUN2_MAXENT.Phillips_outputs outputformat=logistic redoifexists visible=FALSE linear=TRUE quadratic=TRUE product=TRUE threshold=TRUE hinge=TRUE lq2lqptthreshold=80 l2lqthreshold=10 hingethreshold=15 beta_threshold=-1 beta_categorical=-1 beta_lqp=-1 beta_hinge=-1 betamultiplier=1 defaultprevalence=0.5 autorun nowarnings notooltips noaddsamplestobackground
Command line to repeat: java density.MaxEnt nowarnings noprefixes outputformat=logistic outputdirectory=BMSB/models/europe_model/BMSB_PA2_RUN2_MAXENT.Phillips_outputs projectionlayers=BMSB/models/europe_model/m_17086400/Predictions/Pred_swd.csv samplesfile=BMSB/models/europe_model/m_17086400/Sp_swd.csv environmentallayers=BMSB/models/europe_model/m_17086400/Back_swd.csv nowarnings notooltips noaskoverwrite threshold noaddsamplestobackground autorun novisible
Species: BMSB_PA2_RUN2
Layers: bio02 bio03 bio08 bio09 bio13 bio14 bio15 bio18 bio19
Layertypes: Continuous Continuous Continuous Continuous Continuous Continuous Continuous Continuous Continuous
outputformat: logistic
outputdirectory: BMSB/models/europe_model/BMSB_PA2_RUN2_MAXENT.Phillips_outputs
projectionlayers: BMSB/models/europe_model/m_17086400/Predictions/Pred_swd.csv
samplesfile: BMSB/models/europe_model/m_17086400/Sp_swd.csv
environmentallayers: BMSB/models/europe_model/m_17086400/Back_swd.csv
warnings: false
tooltips: false
askoverwrite: false
threshold: true
addsamplestobackground: false
autorun: true
visible: false

getSamples: max memory 477626368, total allocated 163053568, free 92945552, used 70108016, increment 0
BMSB_PA2_RUN2: 
Regularization values: linear/quadratic/product: 0.050, categorical: 0.250, threshold: 1.000, hinge: 0.500
2147 samples
Density: max memory 477626368, total allocated 163053568, free 123737496, used 39316072, increment -30791944
linearPredictor: max memory 477626368, total allocated 163053568, free 123737496, used 39316072, increment 0
FeaturedSpace: max memory 477626368, total allocated 163053568, free 123737496, used 39316072, increment 0
Sequential: max memory 477626368, total allocated 163053568, free 123737496, used 39316072, increment 0
Initial loss: 8.986071187374463
Time since start: 15.016
500: time = 14.347000 loss = -1.705983
Resulting gain: 10.692054585621879
Time since start: 16.823
Projecting...
Writing file BMSB/models/europe_model/BMSB_PA2_RUN2_MAXENT.Phillips_outputs/BMSB_PA2_RUN2.csv
Projecting...
Reading file Pred_swd.csv
readGrid: max memory 477626368, total allocated 136839168, free 95493576, used 41345592, increment 2029520
Writing file BMSB/models/europe_model/BMSB_PA2_RUN2_MAXENT.Phillips_outputs/BMSB_PA2_RUN2_Pred_swd.csv
Writing file BMSB/models/europe_model/BMSB_PA2_RUN2_MAXENT.Phillips_outputs/BMSB_PA2_RUN2_Pred_swd_clamping.csv
Ending
