Wed Jun 23 12:11:05 BST 2021
MaxEnt version 3.4.4
Reading file Back_swd.csv
readGrid: max memory 477626368, total allocated 128974848, free 96832432, used 32142416, increment 32142416
Reading samples from Sp_swd.csv
Read samples: max memory 477626368, total allocated 163053568, free 117325992, used 45727576, increment 13585160
Making features
makeFeatures: max memory 477626368, total allocated 163053568, free 150420912, used 12632656, increment -33094920
Command line used:  environmentallayers=BMSB/models/europe_model/m_05081312/Back_swd.csv samplesfile=BMSB/models/europe_model/m_05081312/Sp_swd.csv projectionlayers=BMSB/models/europe_model/m_05081312/Predictions/Pred_swd.csv outputdirectory=BMSB/models/europe_model/BMSB_PA2_RUN1_MAXENT.Phillips_outputs outputformat=logistic redoifexists visible=FALSE linear=TRUE quadratic=TRUE product=TRUE threshold=TRUE hinge=TRUE lq2lqptthreshold=80 l2lqthreshold=10 hingethreshold=15 beta_threshold=-1 beta_categorical=-1 beta_lqp=-1 beta_hinge=-1 betamultiplier=1 defaultprevalence=0.5 autorun nowarnings notooltips noaddsamplestobackground
Command line to repeat: java density.MaxEnt nowarnings noprefixes outputformat=logistic outputdirectory=BMSB/models/europe_model/BMSB_PA2_RUN1_MAXENT.Phillips_outputs projectionlayers=BMSB/models/europe_model/m_05081312/Predictions/Pred_swd.csv samplesfile=BMSB/models/europe_model/m_05081312/Sp_swd.csv environmentallayers=BMSB/models/europe_model/m_05081312/Back_swd.csv nowarnings notooltips noaskoverwrite threshold noaddsamplestobackground autorun novisible
Species: BMSB_PA2_RUN1
Layers: bio02 bio03 bio08 bio09 bio13 bio14 bio15 bio18 bio19
Layertypes: Continuous Continuous Continuous Continuous Continuous Continuous Continuous Continuous Continuous
outputformat: logistic
outputdirectory: BMSB/models/europe_model/BMSB_PA2_RUN1_MAXENT.Phillips_outputs
projectionlayers: BMSB/models/europe_model/m_05081312/Predictions/Pred_swd.csv
samplesfile: BMSB/models/europe_model/m_05081312/Sp_swd.csv
environmentallayers: BMSB/models/europe_model/m_05081312/Back_swd.csv
warnings: false
tooltips: false
askoverwrite: false
threshold: true
addsamplestobackground: false
autorun: true
visible: false

getSamples: max memory 477626368, total allocated 163053568, free 150420912, used 12632656, increment 0
BMSB_PA2_RUN1: 
Regularization values: linear/quadratic/product: 0.050, categorical: 0.250, threshold: 1.000, hinge: 0.500
2319 samples
Density: max memory 477626368, total allocated 163053568, free 119088784, used 43964784, increment 31332128
linearPredictor: max memory 477626368, total allocated 163053568, free 119088784, used 43964784, increment 0
FeaturedSpace: max memory 477626368, total allocated 163053568, free 119088784, used 43964784, increment 0
Sequential: max memory 477626368, total allocated 163053568, free 119088784, used 43964784, increment 0
Initial loss: 8.989194823324645
Time since start: 13.501
500: time = 12.869000 loss = -3.931825
Resulting gain: 12.921019990726439
Time since start: 15.036
Projecting...
Writing file BMSB/models/europe_model/BMSB_PA2_RUN1_MAXENT.Phillips_outputs/BMSB_PA2_RUN1.csv
Projecting...
Reading file Pred_swd.csv
readGrid: max memory 477626368, total allocated 147849216, free 103406400, used 44442816, increment 478032
Writing file BMSB/models/europe_model/BMSB_PA2_RUN1_MAXENT.Phillips_outputs/BMSB_PA2_RUN1_Pred_swd.csv
Writing file BMSB/models/europe_model/BMSB_PA2_RUN1_MAXENT.Phillips_outputs/BMSB_PA2_RUN1_Pred_swd_clamping.csv
Ending
