Wed Jun 23 21:44:15 BST 2021
MaxEnt version 3.4.4
Reading file Back_swd.csv
readGrid: max memory 477626368, total allocated 128974848, free 97885208, used 31089640, increment 31089640
Reading samples from Sp_swd.csv
Read samples: max memory 477626368, total allocated 163053568, free 119068032, used 43985536, increment 12895896
Making features
makeFeatures: max memory 477626368, total allocated 227016704, free 157917432, used 69099272, increment 25113736
Command line used:  environmentallayers=BMSB/models/usa/m_14211489/Back_swd.csv samplesfile=BMSB/models/usa/m_14211489/Sp_swd.csv projectionlayers=BMSB/models/usa/m_14211489/Predictions/Pred_swd.csv outputdirectory=BMSB/models/usa/BMSB_PA1_RUN5_MAXENT.Phillips_outputs outputformat=logistic redoifexists visible=FALSE linear=TRUE quadratic=TRUE product=TRUE threshold=TRUE hinge=TRUE lq2lqptthreshold=80 l2lqthreshold=10 hingethreshold=15 beta_threshold=-1 beta_categorical=-1 beta_lqp=-1 beta_hinge=-1 betamultiplier=1 defaultprevalence=0.5 autorun nowarnings notooltips noaddsamplestobackground
Command line to repeat: java density.MaxEnt nowarnings noprefixes outputformat=logistic outputdirectory=BMSB/models/usa/BMSB_PA1_RUN5_MAXENT.Phillips_outputs projectionlayers=BMSB/models/usa/m_14211489/Predictions/Pred_swd.csv samplesfile=BMSB/models/usa/m_14211489/Sp_swd.csv environmentallayers=BMSB/models/usa/m_14211489/Back_swd.csv nowarnings notooltips noaskoverwrite threshold noaddsamplestobackground autorun novisible
Species: BMSB_PA1_RUN5
Layers: bio02 bio03 bio08 bio09 bio13 bio14 bio15 bio18 bio19
Layertypes: Continuous Continuous Continuous Continuous Continuous Continuous Continuous Continuous Continuous
outputformat: logistic
outputdirectory: BMSB/models/usa/BMSB_PA1_RUN5_MAXENT.Phillips_outputs
projectionlayers: BMSB/models/usa/m_14211489/Predictions/Pred_swd.csv
samplesfile: BMSB/models/usa/m_14211489/Sp_swd.csv
environmentallayers: BMSB/models/usa/m_14211489/Back_swd.csv
warnings: false
tooltips: false
askoverwrite: false
threshold: true
addsamplestobackground: false
autorun: true
visible: false

getSamples: max memory 477626368, total allocated 227016704, free 157917432, used 69099272, increment 0
BMSB_PA1_RUN5: 
Regularization values: linear/quadratic/product: 0.050, categorical: 0.250, threshold: 1.000, hinge: 0.500
6742 samples
Density: max memory 477626368, total allocated 227016704, free 125430104, used 101586600, increment 32487328
linearPredictor: max memory 477626368, total allocated 227016704, free 125430104, used 101586600, increment 0
Time since start: 1.003
FeaturedSpace: max memory 477626368, total allocated 227016704, free 125430104, used 101586600, increment 0
Sequential: max memory 477626368, total allocated 227016704, free 125430104, used 101586600, increment 0
Initial loss: 8.988321188323683
Time since start: 11.894
500: time = 10.889000 loss = 5.661944
Resulting gain: 3.326376774060747
Time since start: 13.738
Projecting...
Writing file BMSB/models/usa/BMSB_PA1_RUN5_MAXENT.Phillips_outputs/BMSB_PA1_RUN5.csv
Projecting...
Reading file Pred_swd.csv
readGrid: max memory 477626368, total allocated 149422080, free 71389800, used 78032280, increment -23554320
Writing file BMSB/models/usa/BMSB_PA1_RUN5_MAXENT.Phillips_outputs/BMSB_PA1_RUN5_Pred_swd.csv
Writing file BMSB/models/usa/BMSB_PA1_RUN5_MAXENT.Phillips_outputs/BMSB_PA1_RUN5_Pred_swd_clamping.csv
Time since start: 14.943
Ending
