Wed Jul 07 11:50:02 BST 2021
MaxEnt version 3.4.4
Reading file Back_swd.csv
readGrid: max memory 477626368, total allocated 163053568, free 139706608, used 23346960, increment 23346960
Reading samples from Sp_swd.csv
Read samples: max memory 477626368, total allocated 163053568, free 95003176, used 68050392, increment 44703432
Making features
makeFeatures: max memory 477626368, total allocated 226492416, free 99252960, used 127239456, increment 59189064
Command line used:  environmentallayers=BMSB/models/invaded_model/m_01776571/Back_swd.csv samplesfile=BMSB/models/invaded_model/m_01776571/Sp_swd.csv projectionlayers=BMSB/models/invaded_model/m_01776571/Predictions/Pred_swd.csv outputdirectory=BMSB/models/invaded_model/BMSB_PA1_RUN4_MAXENT.Phillips_outputs outputformat=logistic redoifexists visible=FALSE linear=TRUE quadratic=TRUE product=TRUE threshold=TRUE hinge=TRUE lq2lqptthreshold=80 l2lqthreshold=10 hingethreshold=15 beta_threshold=-1 beta_categorical=-1 beta_lqp=-1 beta_hinge=-1 betamultiplier=1 defaultprevalence=0.5 autorun nowarnings notooltips noaddsamplestobackground
Command line to repeat: java density.MaxEnt nowarnings noprefixes outputformat=logistic outputdirectory=BMSB/models/invaded_model/BMSB_PA1_RUN4_MAXENT.Phillips_outputs projectionlayers=BMSB/models/invaded_model/m_01776571/Predictions/Pred_swd.csv samplesfile=BMSB/models/invaded_model/m_01776571/Sp_swd.csv environmentallayers=BMSB/models/invaded_model/m_01776571/Back_swd.csv nowarnings notooltips noaskoverwrite threshold noaddsamplestobackground autorun novisible
Species: BMSB_PA1_RUN4
Layers: bio02 bio03 bio08 bio09 bio13 bio14 bio15 bio18 bio19
Layertypes: Continuous Continuous Continuous Continuous Continuous Continuous Continuous Continuous Continuous
outputformat: logistic
outputdirectory: BMSB/models/invaded_model/BMSB_PA1_RUN4_MAXENT.Phillips_outputs
projectionlayers: BMSB/models/invaded_model/m_01776571/Predictions/Pred_swd.csv
samplesfile: BMSB/models/invaded_model/m_01776571/Sp_swd.csv
environmentallayers: BMSB/models/invaded_model/m_01776571/Back_swd.csv
warnings: false
tooltips: false
askoverwrite: false
threshold: true
addsamplestobackground: false
autorun: true
visible: false

getSamples: max memory 477626368, total allocated 226492416, free 96519624, used 129972792, increment 2733336
BMSB_PA1_RUN4: 
Regularization values: linear/quadratic/product: 0.050, categorical: 0.250, threshold: 1.000, hinge: 0.500
Time since start: 1.019
9217 samples
Density: max memory 477626368, total allocated 227540992, free 169539408, used 58001584, increment -71971208
linearPredictor: max memory 477626368, total allocated 227540992, free 169539408, used 58001584, increment 0
FeaturedSpace: max memory 477626368, total allocated 227540992, free 169539408, used 58001584, increment 0
Sequential: max memory 477626368, total allocated 227540992, free 169539408, used 58001584, increment 0
Initial loss: 8.988446040062405
Time since start: 18.256
500: time = 17.014000 loss = 2.530502
Resulting gain: 6.457943793874026
Time since start: 20.16
Projecting...
Writing file BMSB/models/invaded_model/BMSB_PA1_RUN4_MAXENT.Phillips_outputs/BMSB_PA1_RUN4.csv
Projecting...
Reading file Pred_swd.csv
readGrid: max memory 477626368, total allocated 143130624, free 81503328, used 61627296, increment 3625712
Writing file BMSB/models/invaded_model/BMSB_PA1_RUN4_MAXENT.Phillips_outputs/BMSB_PA1_RUN4_Pred_swd.csv
Writing file BMSB/models/invaded_model/BMSB_PA1_RUN4_MAXENT.Phillips_outputs/BMSB_PA1_RUN4_Pred_swd_clamping.csv
Time since start: 22.423
Ending
