Thu Jun 24 12:59:15 BST 2021
MaxEnt version 3.4.4
Reading file Back_swd.csv
readGrid: max memory 477626368, total allocated 128974848, free 103048872, used 25925976, increment 25925976
Reading samples from Sp_swd.csv
Read samples: max memory 477626368, total allocated 128974848, free 102727568, used 26247280, increment 321304
Making features
makeFeatures: max memory 477626368, total allocated 163053568, free 156511736, used 6541832, increment -19705448
Command line used:  environmentallayers=BMSB/models/native_model/m_14243026/Back_swd.csv samplesfile=BMSB/models/native_model/m_14243026/Sp_swd.csv projectionlayers=BMSB/models/native_model/m_14243026/Predictions/Pred_swd.csv outputdirectory=BMSB/models/native_model/BMSB_PA2_RUN4_MAXENT.Phillips_outputs outputformat=logistic redoifexists visible=FALSE linear=TRUE quadratic=TRUE product=TRUE threshold=TRUE hinge=TRUE lq2lqptthreshold=80 l2lqthreshold=10 hingethreshold=15 beta_threshold=-1 beta_categorical=-1 beta_lqp=-1 beta_hinge=-1 betamultiplier=1 defaultprevalence=0.5 autorun nowarnings notooltips noaddsamplestobackground
Command line to repeat: java density.MaxEnt nowarnings noprefixes outputformat=logistic outputdirectory=BMSB/models/native_model/BMSB_PA2_RUN4_MAXENT.Phillips_outputs projectionlayers=BMSB/models/native_model/m_14243026/Predictions/Pred_swd.csv samplesfile=BMSB/models/native_model/m_14243026/Sp_swd.csv environmentallayers=BMSB/models/native_model/m_14243026/Back_swd.csv nowarnings notooltips noaskoverwrite threshold noaddsamplestobackground autorun novisible
Species: BMSB_PA2_RUN4
Layers: bio02 bio03 bio08 bio09 bio13 bio14 bio15 bio18 bio19
Layertypes: Continuous Continuous Continuous Continuous Continuous Continuous Continuous Continuous Continuous
outputformat: logistic
outputdirectory: BMSB/models/native_model/BMSB_PA2_RUN4_MAXENT.Phillips_outputs
projectionlayers: BMSB/models/native_model/m_14243026/Predictions/Pred_swd.csv
samplesfile: BMSB/models/native_model/m_14243026/Sp_swd.csv
environmentallayers: BMSB/models/native_model/m_14243026/Back_swd.csv
warnings: false
tooltips: false
askoverwrite: false
threshold: true
addsamplestobackground: false
autorun: true
visible: false

getSamples: max memory 477626368, total allocated 163053568, free 155161088, used 7892480, increment 1350648
BMSB_PA2_RUN4: 
Regularization values: linear/quadratic/product: 0.050, categorical: 0.250, threshold: 1.000, hinge: 0.500
547 samples
Density: max memory 477626368, total allocated 163053568, free 127768992, used 35284576, increment 27392096
linearPredictor: max memory 477626368, total allocated 163053568, free 127768992, used 35284576, increment 0
FeaturedSpace: max memory 477626368, total allocated 163053568, free 127768992, used 35284576, increment 0
Sequential: max memory 477626368, total allocated 163053568, free 127768992, used 35284576, increment 0
Initial loss: 8.989070065043654
Time since start: 13.229
500: time = 12.602000 loss = 0.452171
Resulting gain: 8.536899036919037
Time since start: 14.799
Projecting...
Writing file BMSB/models/native_model/BMSB_PA2_RUN4_MAXENT.Phillips_outputs/BMSB_PA2_RUN4.csv
Projecting...
Reading file Pred_swd.csv
readGrid: max memory 477626368, total allocated 129499136, free 98445880, used 31053256, increment -4231320
Writing file BMSB/models/native_model/BMSB_PA2_RUN4_MAXENT.Phillips_outputs/BMSB_PA2_RUN4_Pred_swd.csv
Writing file BMSB/models/native_model/BMSB_PA2_RUN4_MAXENT.Phillips_outputs/BMSB_PA2_RUN4_Pred_swd_clamping.csv
Ending
