Wed Jul 07 12:49:07 BST 2021
MaxEnt version 3.4.4
Reading file Back_swd.csv
readGrid: max memory 477626368, total allocated 163053568, free 131542160, used 31511408, increment 31511408
Reading samples from Sp_swd.csv
Read samples: max memory 477626368, total allocated 226492416, free 218820504, used 7671912, increment -23839496
Making features
makeFeatures: max memory 477626368, total allocated 226492416, free 93054728, used 133437688, increment 125765776
Command line used:  environmentallayers=BMSB/models/invaded_model/m_06104870/Back_swd.csv samplesfile=BMSB/models/invaded_model/m_06104870/Sp_swd.csv projectionlayers=BMSB/models/invaded_model/m_06104870/Predictions/Pred_swd.csv outputdirectory=BMSB/models/invaded_model/BMSB_PA2_RUN4_MAXENT.Phillips_outputs outputformat=logistic redoifexists visible=FALSE linear=TRUE quadratic=TRUE product=TRUE threshold=TRUE hinge=TRUE lq2lqptthreshold=80 l2lqthreshold=10 hingethreshold=15 beta_threshold=-1 beta_categorical=-1 beta_lqp=-1 beta_hinge=-1 betamultiplier=1 defaultprevalence=0.5 autorun nowarnings notooltips noaddsamplestobackground
Command line to repeat: java density.MaxEnt nowarnings noprefixes outputformat=logistic outputdirectory=BMSB/models/invaded_model/BMSB_PA2_RUN4_MAXENT.Phillips_outputs projectionlayers=BMSB/models/invaded_model/m_06104870/Predictions/Pred_swd.csv samplesfile=BMSB/models/invaded_model/m_06104870/Sp_swd.csv environmentallayers=BMSB/models/invaded_model/m_06104870/Back_swd.csv nowarnings notooltips noaskoverwrite threshold noaddsamplestobackground autorun novisible
Species: BMSB_PA2_RUN4
Layers: bio02 bio03 bio08 bio09 bio13 bio14 bio15 bio18 bio19
Layertypes: Continuous Continuous Continuous Continuous Continuous Continuous Continuous Continuous Continuous
outputformat: logistic
outputdirectory: BMSB/models/invaded_model/BMSB_PA2_RUN4_MAXENT.Phillips_outputs
projectionlayers: BMSB/models/invaded_model/m_06104870/Predictions/Pred_swd.csv
samplesfile: BMSB/models/invaded_model/m_06104870/Sp_swd.csv
environmentallayers: BMSB/models/invaded_model/m_06104870/Back_swd.csv
warnings: false
tooltips: false
askoverwrite: false
threshold: true
addsamplestobackground: false
autorun: true
visible: false

getSamples: max memory 477626368, total allocated 226492416, free 93054728, used 133437688, increment 0
BMSB_PA2_RUN4: 
Regularization values: linear/quadratic/product: 0.050, categorical: 0.250, threshold: 1.000, hinge: 0.500
Time since start: 1.059
9217 samples
Density: max memory 477626368, total allocated 227540992, free 166915184, used 60625808, increment -72811880
linearPredictor: max memory 477626368, total allocated 227540992, free 166915184, used 60625808, increment 0
FeaturedSpace: max memory 477626368, total allocated 227540992, free 166915184, used 60625808, increment 0
Sequential: max memory 477626368, total allocated 227540992, free 166915184, used 60625808, increment 0
Initial loss: 8.987571750367046
Time since start: 17.477
500: time = 16.262000 loss = 3.029774
Resulting gain: 5.957797837545357
Time since start: 19.612
Projecting...
Writing file BMSB/models/invaded_model/BMSB_PA2_RUN4_MAXENT.Phillips_outputs/BMSB_PA2_RUN4.csv
Projecting...
Reading file Pred_swd.csv
readGrid: max memory 477626368, total allocated 244318208, free 178152168, used 66166040, increment 5540232
Writing file BMSB/models/invaded_model/BMSB_PA2_RUN4_MAXENT.Phillips_outputs/BMSB_PA2_RUN4_Pred_swd.csv
Writing file BMSB/models/invaded_model/BMSB_PA2_RUN4_MAXENT.Phillips_outputs/BMSB_PA2_RUN4_Pred_swd_clamping.csv
Time since start: 21.786
Ending
