Wed Jun 23 22:05:15 BST 2021
MaxEnt version 3.4.4
Reading file Back_swd.csv
readGrid: max memory 477626368, total allocated 163053568, free 160071552, used 2982016, increment 2982016
Reading samples from Sp_swd.csv
Read samples: max memory 477626368, total allocated 163053568, free 116365072, used 46688496, increment 43706480
Making features
makeFeatures: max memory 477626368, total allocated 227540992, free 153825784, used 73715208, increment 27026712
Command line used:  environmentallayers=BMSB/models/usa/m_14881140/Back_swd.csv samplesfile=BMSB/models/usa/m_14881140/Sp_swd.csv projectionlayers=BMSB/models/usa/m_14881140/Predictions/Pred_swd.csv outputdirectory=BMSB/models/usa/BMSB_PA2_RUN4_MAXENT.Phillips_outputs outputformat=logistic redoifexists visible=FALSE linear=TRUE quadratic=TRUE product=TRUE threshold=TRUE hinge=TRUE lq2lqptthreshold=80 l2lqthreshold=10 hingethreshold=15 beta_threshold=-1 beta_categorical=-1 beta_lqp=-1 beta_hinge=-1 betamultiplier=1 defaultprevalence=0.5 autorun nowarnings notooltips noaddsamplestobackground
Command line to repeat: java density.MaxEnt nowarnings noprefixes outputformat=logistic outputdirectory=BMSB/models/usa/BMSB_PA2_RUN4_MAXENT.Phillips_outputs projectionlayers=BMSB/models/usa/m_14881140/Predictions/Pred_swd.csv samplesfile=BMSB/models/usa/m_14881140/Sp_swd.csv environmentallayers=BMSB/models/usa/m_14881140/Back_swd.csv nowarnings notooltips noaskoverwrite threshold noaddsamplestobackground autorun novisible
Species: BMSB_PA2_RUN4
Layers: bio02 bio03 bio08 bio09 bio13 bio14 bio15 bio18 bio19
Layertypes: Continuous Continuous Continuous Continuous Continuous Continuous Continuous Continuous Continuous
outputformat: logistic
outputdirectory: BMSB/models/usa/BMSB_PA2_RUN4_MAXENT.Phillips_outputs
projectionlayers: BMSB/models/usa/m_14881140/Predictions/Pred_swd.csv
samplesfile: BMSB/models/usa/m_14881140/Sp_swd.csv
environmentallayers: BMSB/models/usa/m_14881140/Back_swd.csv
warnings: false
tooltips: false
askoverwrite: false
threshold: true
addsamplestobackground: false
autorun: true
visible: false

getSamples: max memory 477626368, total allocated 227540992, free 153825784, used 73715208, increment 0
BMSB_PA2_RUN4: 
Regularization values: linear/quadratic/product: 0.050, categorical: 0.250, threshold: 1.000, hinge: 0.500
6786 samples
Time since start: 1.014
Density: max memory 477626368, total allocated 227540992, free 121156992, used 106384000, increment 32668792
linearPredictor: max memory 477626368, total allocated 227540992, free 121156992, used 106384000, increment 0
FeaturedSpace: max memory 477626368, total allocated 227540992, free 121156992, used 106384000, increment 0
Sequential: max memory 477626368, total allocated 227540992, free 121156992, used 106384000, increment 0
Initial loss: 8.9947928972836
Time since start: 11.977
500: time = 10.943000 loss = 6.248631
Resulting gain: 2.746161673349498
Time since start: 13.965
Projecting...
Writing file BMSB/models/usa/BMSB_PA2_RUN4_MAXENT.Phillips_outputs/BMSB_PA2_RUN4.csv
Projecting...
Reading file Pred_swd.csv
readGrid: max memory 477626368, total allocated 138412032, free 87410592, used 51001440, increment -55382560
Writing file BMSB/models/usa/BMSB_PA2_RUN4_MAXENT.Phillips_outputs/BMSB_PA2_RUN4_Pred_swd.csv
Writing file BMSB/models/usa/BMSB_PA2_RUN4_MAXENT.Phillips_outputs/BMSB_PA2_RUN4_Pred_swd_clamping.csv
Time since start: 16.053
Ending
