Wed Jun 23 21:22:24 BST 2021
MaxEnt version 3.4.4
Reading file Back_swd.csv
readGrid: max memory 477626368, total allocated 163053568, free 158735728, used 4317840, increment 4317840
Reading samples from Sp_swd.csv
Read samples: max memory 477626368, total allocated 163053568, free 114977432, used 48076136, increment 43758296
Making features
makeFeatures: max memory 477626368, total allocated 227540992, free 153985896, used 73555096, increment 25478960
Command line used:  environmentallayers=BMSB/models/usa/m_23022584/Back_swd.csv samplesfile=BMSB/models/usa/m_23022584/Sp_swd.csv projectionlayers=BMSB/models/usa/m_23022584/Predictions/Pred_swd.csv outputdirectory=BMSB/models/usa/BMSB_PA1_RUN1_MAXENT.Phillips_outputs outputformat=logistic redoifexists visible=FALSE linear=TRUE quadratic=TRUE product=TRUE threshold=TRUE hinge=TRUE lq2lqptthreshold=80 l2lqthreshold=10 hingethreshold=15 beta_threshold=-1 beta_categorical=-1 beta_lqp=-1 beta_hinge=-1 betamultiplier=1 defaultprevalence=0.5 autorun nowarnings notooltips noaddsamplestobackground
Command line to repeat: java density.MaxEnt nowarnings noprefixes outputformat=logistic outputdirectory=BMSB/models/usa/BMSB_PA1_RUN1_MAXENT.Phillips_outputs projectionlayers=BMSB/models/usa/m_23022584/Predictions/Pred_swd.csv samplesfile=BMSB/models/usa/m_23022584/Sp_swd.csv environmentallayers=BMSB/models/usa/m_23022584/Back_swd.csv nowarnings notooltips noaskoverwrite threshold noaddsamplestobackground autorun novisible
Species: BMSB_PA1_RUN1
Layers: bio02 bio03 bio08 bio09 bio13 bio14 bio15 bio18 bio19
Layertypes: Continuous Continuous Continuous Continuous Continuous Continuous Continuous Continuous Continuous
outputformat: logistic
outputdirectory: BMSB/models/usa/BMSB_PA1_RUN1_MAXENT.Phillips_outputs
projectionlayers: BMSB/models/usa/m_23022584/Predictions/Pred_swd.csv
samplesfile: BMSB/models/usa/m_23022584/Sp_swd.csv
environmentallayers: BMSB/models/usa/m_23022584/Back_swd.csv
warnings: false
tooltips: false
askoverwrite: false
threshold: true
addsamplestobackground: false
autorun: true
visible: false

getSamples: max memory 477626368, total allocated 227540992, free 153985896, used 73555096, increment 0
BMSB_PA1_RUN1: 
Regularization values: linear/quadratic/product: 0.050, categorical: 0.250, threshold: 1.000, hinge: 0.500
6735 samples
Density: max memory 477626368, total allocated 227540992, free 121134728, used 106406264, increment 32851168
linearPredictor: max memory 477626368, total allocated 227540992, free 121134728, used 106406264, increment 0
FeaturedSpace: max memory 477626368, total allocated 227540992, free 121134728, used 106406264, increment 0
Sequential: max memory 477626368, total allocated 227540992, free 121134728, used 106406264, increment 0
Initial loss: 8.98594603876032
Time since start: 11.683
500: time = 10.717000 loss = 5.552494
Resulting gain: 3.433452084877217
Time since start: 13.626
Projecting...
Writing file BMSB/models/usa/BMSB_PA1_RUN1_MAXENT.Phillips_outputs/BMSB_PA1_RUN1.csv
Projecting...
Reading file Pred_swd.csv
readGrid: max memory 477626368, total allocated 147849216, free 118451128, used 29398088, increment -77008176
Writing file BMSB/models/usa/BMSB_PA1_RUN1_MAXENT.Phillips_outputs/BMSB_PA1_RUN1_Pred_swd.csv
Writing file BMSB/models/usa/BMSB_PA1_RUN1_MAXENT.Phillips_outputs/BMSB_PA1_RUN1_Pred_swd_clamping.csv
Time since start: 14.777
Ending
