Wed Jun 23 21:59:24 BST 2021
MaxEnt version 3.4.4
Reading file Back_swd.csv
readGrid: max memory 477626368, total allocated 128974848, free 95039048, used 33935800, increment 33935800
Reading samples from Sp_swd.csv
Read samples: max memory 477626368, total allocated 163053568, free 115055096, used 47998472, increment 14062672
Making features
makeFeatures: max memory 477626368, total allocated 227016704, free 153381448, used 73635256, increment 25636784
Command line used:  environmentallayers=BMSB/models/usa/m_23333163/Back_swd.csv samplesfile=BMSB/models/usa/m_23333163/Sp_swd.csv projectionlayers=BMSB/models/usa/m_23333163/Predictions/Pred_swd.csv outputdirectory=BMSB/models/usa/BMSB_PA2_RUN3_MAXENT.Phillips_outputs outputformat=logistic redoifexists visible=FALSE linear=TRUE quadratic=TRUE product=TRUE threshold=TRUE hinge=TRUE lq2lqptthreshold=80 l2lqthreshold=10 hingethreshold=15 beta_threshold=-1 beta_categorical=-1 beta_lqp=-1 beta_hinge=-1 betamultiplier=1 defaultprevalence=0.5 autorun nowarnings notooltips noaddsamplestobackground
Command line to repeat: java density.MaxEnt nowarnings noprefixes outputformat=logistic outputdirectory=BMSB/models/usa/BMSB_PA2_RUN3_MAXENT.Phillips_outputs projectionlayers=BMSB/models/usa/m_23333163/Predictions/Pred_swd.csv samplesfile=BMSB/models/usa/m_23333163/Sp_swd.csv environmentallayers=BMSB/models/usa/m_23333163/Back_swd.csv nowarnings notooltips noaskoverwrite threshold noaddsamplestobackground autorun novisible
Species: BMSB_PA2_RUN3
Layers: bio02 bio03 bio08 bio09 bio13 bio14 bio15 bio18 bio19
Layertypes: Continuous Continuous Continuous Continuous Continuous Continuous Continuous Continuous Continuous
outputformat: logistic
outputdirectory: BMSB/models/usa/BMSB_PA2_RUN3_MAXENT.Phillips_outputs
projectionlayers: BMSB/models/usa/m_23333163/Predictions/Pred_swd.csv
samplesfile: BMSB/models/usa/m_23333163/Sp_swd.csv
environmentallayers: BMSB/models/usa/m_23333163/Back_swd.csv
warnings: false
tooltips: false
askoverwrite: false
threshold: true
addsamplestobackground: false
autorun: true
visible: false

getSamples: max memory 477626368, total allocated 227016704, free 153381448, used 73635256, increment 0
BMSB_PA2_RUN3: 
Regularization values: linear/quadratic/product: 0.050, categorical: 0.250, threshold: 1.000, hinge: 0.500
6800 samples
Time since start: 1.091
Density: max memory 477626368, total allocated 227016704, free 120628032, used 106388672, increment 32753416
linearPredictor: max memory 477626368, total allocated 227016704, free 120628032, used 106388672, increment 0
FeaturedSpace: max memory 477626368, total allocated 227016704, free 120628032, used 106388672, increment 0
Sequential: max memory 477626368, total allocated 227016704, free 120628032, used 106388672, increment 0
Initial loss: 8.98669669562029
Time since start: 12.063
500: time = 10.951000 loss = 5.922011
Resulting gain: 3.064685493776003
Time since start: 14.432
Projecting...
Writing file BMSB/models/usa/BMSB_PA2_RUN3_MAXENT.Phillips_outputs/BMSB_PA2_RUN3.csv
Projecting...
Reading file Pred_swd.csv
readGrid: max memory 477626368, total allocated 125829120, free 74506856, used 51322264, increment -55066408
Writing file BMSB/models/usa/BMSB_PA2_RUN3_MAXENT.Phillips_outputs/BMSB_PA2_RUN3_Pred_swd.csv
Writing file BMSB/models/usa/BMSB_PA2_RUN3_MAXENT.Phillips_outputs/BMSB_PA2_RUN3_Pred_swd_clamping.csv
Time since start: 16.266
Ending
